{"/home/travis/build/npmtest/node-npmtest-grunt-aws-s3/test.js":{"path":"/home/travis/build/npmtest/node-npmtest-grunt-aws-s3/test.js","s":{"1":2,"2":2,"3":2,"4":2,"5":2,"6":2,"7":2,"8":1,"9":2,"10":2,"11":1,"12":1,"13":1,"14":1,"15":2,"16":2,"17":2,"18":2,"19":1,"20":1,"21":2,"22":2,"23":2,"24":1,"25":1,"26":1,"27":1,"28":1,"29":1,"30":1,"31":1,"32":1,"33":1,"34":1,"35":1,"36":1,"37":1,"38":1,"39":2,"40":2,"41":1,"42":2,"43":2,"44":1,"45":2,"46":2,"47":1,"48":2,"49":2,"50":1,"51":1,"52":1,"53":1,"54":1},"b":{"1":[2,1,1,1],"2":[1,1,1,1],"3":[1,1],"4":[1,1],"5":[1,1],"6":[1,1],"7":[1,1],"8":[1,1],"9":[1,1],"10":[1,1,1],"11":[1,1],"12":[1,1],"13":[1,1],"14":[1,1],"15":[1,1],"16":[1,1],"17":[1,1]},"f":{"1":2,"2":2,"3":2,"4":2,"5":2,"6":1,"7":1,"8":1,"9":2,"10":2,"11":2,"12":2,"13":1},"fnMap":{"1":{"name":"(anonymous_1)","line":12,"loc":{"start":{"line":12,"column":1},"end":{"line":12,"column":13}}},"2":{"name":"(anonymous_2)","line":19,"loc":{"start":{"line":19,"column":5},"end":{"line":19,"column":17}}},"3":{"name":"(anonymous_3)","line":23,"loc":{"start":{"line":23,"column":24},"end":{"line":23,"column":36}}},"4":{"name":"(anonymous_4)","line":61,"loc":{"start":{"line":61,"column":5},"end":{"line":61,"column":17}}},"5":{"name":"(anonymous_5)","line":82,"loc":{"start":{"line":82,"column":5},"end":{"line":82,"column":17}}},"6":{"name":"(anonymous_6)","line":91,"loc":{"start":{"line":91,"column":77},"end":{"line":94,"column":10}}},"7":{"name":"(anonymous_7)","line":112,"loc":{"start":{"line":112,"column":83},"end":{"line":115,"column":10}},"skip":true},"8":{"name":"(anonymous_8)","line":123,"loc":{"start":{"line":123,"column":77},"end":{"line":126,"column":10}},"skip":true},"9":{"name":"(anonymous_9)","line":139,"loc":{"start":{"line":139,"column":12},"end":{"line":139,"column":40}},"skip":true},"10":{"name":"(anonymous_10)","line":147,"loc":{"start":{"line":147,"column":77},"end":{"line":150,"column":10}},"skip":true},"11":{"name":"(anonymous_11)","line":158,"loc":{"start":{"line":158,"column":83},"end":{"line":161,"column":10}},"skip":true},"12":{"name":"(anonymous_12)","line":169,"loc":{"start":{"line":169,"column":79},"end":{"line":172,"column":10}},"skip":true},"13":{"name":"(anonymous_13)","line":180,"loc":{"start":{"line":180,"column":75},"end":{"line":183,"column":10}},"skip":true}},"statementMap":{"1":{"start":{"line":12,"column":0},"end":{"line":195,"column":5}},"2":{"start":{"line":14,"column":4},"end":{"line":14,"column":14}},"3":{"start":{"line":19,"column":4},"end":{"line":56,"column":9}},"4":{"start":{"line":21,"column":8},"end":{"line":21,"column":19}},"5":{"start":{"line":23,"column":8},"end":{"line":35,"column":13}},"6":{"start":{"line":24,"column":12},"end":{"line":34,"column":13}},"7":{"start":{"line":25,"column":16},"end":{"line":28,"column":30}},"8":{"start":{"line":30,"column":16},"end":{"line":33,"column":27}},"9":{"start":{"line":37,"column":8},"end":{"line":39,"column":21}},"10":{"start":{"line":40,"column":8},"end":{"line":53,"column":9}},"11":{"start":{"line":43,"column":12},"end":{"line":46,"column":14}},"12":{"start":{"line":47,"column":12},"end":{"line":47,"column":18}},"13":{"start":{"line":50,"column":12},"end":{"line":51,"column":33}},"14":{"start":{"line":52,"column":12},"end":{"line":52,"column":18}},"15":{"start":{"line":55,"column":8},"end":{"line":55,"column":35}},"16":{"start":{"line":61,"column":4},"end":{"line":63,"column":9}},"17":{"start":{"line":62,"column":8},"end":{"line":62,"column":15}},"18":{"start":{"line":64,"column":4},"end":{"line":77,"column":5}},"19":{"start":{"line":70,"column":8},"end":{"line":70,"column":14}},"20":{"start":{"line":76,"column":8},"end":{"line":76,"column":14}},"21":{"start":{"line":82,"column":4},"end":{"line":84,"column":9}},"22":{"start":{"line":83,"column":8},"end":{"line":83,"column":15}},"23":{"start":{"line":85,"column":4},"end":{"line":194,"column":5}},"24":{"start":{"line":91,"column":8},"end":{"line":99,"column":10}},"25":{"start":{"line":98,"column":12},"end":{"line":98,"column":35}},"26":{"start":{"line":102,"column":8},"end":{"line":104,"column":63}},"27":{"start":{"line":105,"column":8},"end":{"line":105,"column":14}},"28":{"start":{"line":112,"column":8},"end":{"line":121,"column":10},"skip":true},"29":{"start":{"line":119,"column":12},"end":{"line":119,"column":55},"skip":true},"30":{"start":{"line":120,"column":12},"end":{"line":120,"column":48},"skip":true},"31":{"start":{"line":123,"column":8},"end":{"line":136,"column":10},"skip":true},"32":{"start":{"line":130,"column":12},"end":{"line":130,"column":76},"skip":true},"33":{"start":{"line":131,"column":12},"end":{"line":131,"column":73},"skip":true},"34":{"start":{"line":132,"column":12},"end":{"line":132,"column":74},"skip":true},"35":{"start":{"line":133,"column":12},"end":{"line":133,"column":79},"skip":true},"36":{"start":{"line":134,"column":12},"end":{"line":134,"column":25},"skip":true},"37":{"start":{"line":135,"column":12},"end":{"line":135,"column":45},"skip":true},"38":{"start":{"line":138,"column":8},"end":{"line":145,"column":14},"skip":true},"39":{"start":{"line":143,"column":16},"end":{"line":143,"column":29},"skip":true},"40":{"start":{"line":144,"column":16},"end":{"line":144,"column":55},"skip":true},"41":{"start":{"line":147,"column":8},"end":{"line":156,"column":10},"skip":true},"42":{"start":{"line":154,"column":12},"end":{"line":154,"column":25},"skip":true},"43":{"start":{"line":155,"column":12},"end":{"line":155,"column":45},"skip":true},"44":{"start":{"line":158,"column":8},"end":{"line":167,"column":10},"skip":true},"45":{"start":{"line":165,"column":12},"end":{"line":165,"column":25},"skip":true},"46":{"start":{"line":166,"column":12},"end":{"line":166,"column":48},"skip":true},"47":{"start":{"line":169,"column":8},"end":{"line":178,"column":10},"skip":true},"48":{"start":{"line":176,"column":12},"end":{"line":176,"column":25},"skip":true},"49":{"start":{"line":177,"column":12},"end":{"line":177,"column":46},"skip":true},"50":{"start":{"line":180,"column":8},"end":{"line":189,"column":10},"skip":true},"51":{"start":{"line":187,"column":12},"end":{"line":187,"column":94},"skip":true},"52":{"start":{"line":188,"column":12},"end":{"line":188,"column":48},"skip":true},"53":{"start":{"line":192,"column":8},"end":{"line":192,"column":35},"skip":true},"54":{"start":{"line":193,"column":8},"end":{"line":193,"column":14},"skip":true}},"branchMap":{"1":{"line":25,"type":"binary-expr","locations":[{"start":{"line":25,"column":23},"end":{"line":25,"column":62}},{"start":{"line":26,"column":20},"end":{"line":26,"column":70}},{"start":{"line":27,"column":20},"end":{"line":27,"column":71}},{"start":{"line":28,"column":20},"end":{"line":28,"column":29}}]},"2":{"line":30,"type":"binary-expr","locations":[{"start":{"line":30,"column":23},"end":{"line":30,"column":37}},{"start":{"line":31,"column":20},"end":{"line":31,"column":61}},{"start":{"line":32,"column":20},"end":{"line":32,"column":70}},{"start":{"line":33,"column":20},"end":{"line":33,"column":26}}]},"3":{"line":37,"type":"cond-expr","locations":[{"start":{"line":38,"column":14},"end":{"line":38,"column":20}},{"start":{"line":39,"column":14},"end":{"line":39,"column":20}}]},"4":{"line":40,"type":"switch","locations":[{"start":{"line":42,"column":8},"end":{"line":47,"column":18}},{"start":{"line":49,"column":8},"end":{"line":52,"column":18}}]},"5":{"line":44,"type":"binary-expr","locations":[{"start":{"line":44,"column":16},"end":{"line":44,"column":44}},{"start":{"line":44,"column":48},"end":{"line":44,"column":66}}]},"6":{"line":50,"type":"binary-expr","locations":[{"start":{"line":50,"column":21},"end":{"line":50,"column":49}},{"start":{"line":50,"column":53},"end":{"line":50,"column":72}}]},"7":{"line":64,"type":"switch","locations":[{"start":{"line":69,"column":4},"end":{"line":70,"column":14}},{"start":{"line":75,"column":4},"end":{"line":76,"column":14}}]},"8":{"line":85,"type":"switch","locations":[{"start":{"line":90,"column":4},"end":{"line":105,"column":14}},{"start":{"line":111,"column":4},"end":{"line":193,"column":14},"skip":true}]},"9":{"line":91,"type":"binary-expr","locations":[{"start":{"line":91,"column":42},"end":{"line":91,"column":73}},{"start":{"line":91,"column":77},"end":{"line":99,"column":9}}]},"10":{"line":102,"type":"binary-expr","locations":[{"start":{"line":102,"column":18},"end":{"line":102,"column":32}},{"start":{"line":103,"column":12},"end":{"line":103,"column":53}},{"start":{"line":104,"column":12},"end":{"line":104,"column":61}}]},"11":{"line":112,"type":"binary-expr","locations":[{"start":{"line":112,"column":45},"end":{"line":112,"column":79},"skip":true},{"start":{"line":112,"column":83},"end":{"line":121,"column":9},"skip":true}]},"12":{"line":123,"type":"binary-expr","locations":[{"start":{"line":123,"column":42},"end":{"line":123,"column":73},"skip":true},{"start":{"line":123,"column":77},"end":{"line":136,"column":9},"skip":true}]},"13":{"line":138,"type":"binary-expr","locations":[{"start":{"line":138,"column":48},"end":{"line":138,"column":85},"skip":true},{"start":{"line":139,"column":12},"end":{"line":145,"column":13},"skip":true}]},"14":{"line":147,"type":"binary-expr","locations":[{"start":{"line":147,"column":42},"end":{"line":147,"column":73},"skip":true},{"start":{"line":147,"column":77},"end":{"line":156,"column":9},"skip":true}]},"15":{"line":158,"type":"binary-expr","locations":[{"start":{"line":158,"column":45},"end":{"line":158,"column":79},"skip":true},{"start":{"line":158,"column":83},"end":{"line":167,"column":9},"skip":true}]},"16":{"line":169,"type":"binary-expr","locations":[{"start":{"line":169,"column":43},"end":{"line":169,"column":75},"skip":true},{"start":{"line":169,"column":79},"end":{"line":178,"column":9},"skip":true}]},"17":{"line":180,"type":"binary-expr","locations":[{"start":{"line":180,"column":41},"end":{"line":180,"column":71},"skip":true},{"start":{"line":180,"column":75},"end":{"line":189,"column":9},"skip":true}]}},"code":["/* istanbul instrument in package npmtest_grunt_aws_s3 */","/*jslint","    bitwise: true,","    browser: true,","    maxerr: 8,","    maxlen: 96,","    node: true,","    nomen: true,","    regexp: true,","    stupid: true","*/","(function () {","    'use strict';","    var local;","","","","    // run shared js-env code - pre-init","    (function () {","        // init local","        local = {};","        // init modeJs","        local.modeJs = (function () {","            try {","                return typeof navigator.userAgent === 'string' &&","                    typeof document.querySelector('body') === 'object' &&","                    typeof XMLHttpRequest.prototype.open === 'function' &&","                    'browser';","            } catch (errorCaughtBrowser) {","                return module.exports &&","                    typeof process.versions.node === 'string' &&","                    typeof require('http').createServer === 'function' &&","                    'node';","            }","        }());","        // init global","        local.global = local.modeJs === 'browser'","            ? window","            : global;","        switch (local.modeJs) {","        // re-init local from window.local","        case 'browser':","            local = local.global.utility2.objectSetDefault(","                local.global.utility2_rollup || local.global.local,","                local.global.utility2","            );","            break;","        // re-init local from example.js","        case 'node':","            local = (local.global.utility2_rollup || require('utility2'))","                .requireReadme();","            break;","        }","        // export local","        local.global.local = local;","    }());","","","","    // run shared js-env code - function","    (function () {","        return;","    }());","    switch (local.modeJs) {","","","","    // run browser js-env code - function","    case 'browser':","        break;","","","","    // run node js-env code - function","    case 'node':","        break;","    }","","","","    // run shared js-env code - post-init","    (function () {","        return;","    }());","    switch (local.modeJs) {","","","","    // run browser js-env code - post-init","    case 'browser':","        local.testCase_browser_nullCase = local.testCase_browser_nullCase || function (","            options,","            onError","        ) {","        /*","         * this function will test browsers's null-case handling-behavior-behavior","         */","            onError(null, options);","        };","","        // run tests","        local.nop(local.modeTest &&","            document.querySelector('#testRunButton1') &&","            document.querySelector('#testRunButton1').click());","        break;","","","","    // run node js-env code - post-init","    /* istanbul ignore next */","    case 'node':","        local.testCase_buildApidoc_default = local.testCase_buildApidoc_default || function (","            options,","            onError","        ) {","        /*","         * this function will test buildApidoc's default handling-behavior-behavior","         */","            options = { modulePathList: module.paths };","            local.buildApidoc(options, onError);","        };","","        local.testCase_buildApp_default = local.testCase_buildApp_default || function (","            options,","            onError","        ) {","        /*","         * this function will test buildApp's default handling-behavior-behavior","         */","            local.testCase_buildReadme_default(options, local.onErrorThrow);","            local.testCase_buildLib_default(options, local.onErrorThrow);","            local.testCase_buildTest_default(options, local.onErrorThrow);","            local.testCase_buildCustomOrg_default(options, local.onErrorThrow);","            options = [];","            local.buildApp(options, onError);","        };","","        local.testCase_buildCustomOrg_default = local.testCase_buildCustomOrg_default ||","            function (options, onError) {","            /*","             * this function will test buildCustomOrg's default handling-behavior","             */","                options = {};","                local.buildCustomOrg(options, onError);","            };","","        local.testCase_buildLib_default = local.testCase_buildLib_default || function (","            options,","            onError","        ) {","        /*","         * this function will test buildLib's default handling-behavior","         */","            options = {};","            local.buildLib(options, onError);","        };","","        local.testCase_buildReadme_default = local.testCase_buildReadme_default || function (","            options,","            onError","        ) {","        /*","         * this function will test buildReadme's default handling-behavior-behavior","         */","            options = {};","            local.buildReadme(options, onError);","        };","","        local.testCase_buildTest_default = local.testCase_buildTest_default || function (","            options,","            onError","        ) {","        /*","         * this function will test buildTest's default handling-behavior","         */","            options = {};","            local.buildTest(options, onError);","        };","","        local.testCase_webpage_default = local.testCase_webpage_default || function (","            options,","            onError","        ) {","        /*","         * this function will test webpage's default handling-behavior","         */","            options = { modeCoverageMerge: true, url: local.serverLocalHost + '?modeTest=1' };","            local.browserTest(options, onError);","        };","","        // run test-server","        local.testRunServer(local);","        break;","    }","}());",""],"l":{"12":2,"14":2,"19":2,"21":2,"23":2,"24":2,"25":2,"30":1,"37":2,"40":2,"43":1,"47":1,"50":1,"52":1,"55":2,"61":2,"62":2,"64":2,"70":1,"76":1,"82":2,"83":2,"85":2,"91":1,"98":1,"102":1,"105":1,"112":1,"119":1,"120":1,"123":1,"130":1,"131":1,"132":1,"133":1,"134":1,"135":1,"138":1,"143":2,"144":2,"147":1,"154":2,"155":2,"158":1,"165":2,"166":2,"169":1,"176":2,"177":2,"180":1,"187":1,"188":1,"192":1,"193":1}},"/home/travis/build/npmtest/node-npmtest-grunt-aws-s3/lib.npmtest_grunt_aws_s3.js":{"path":"/home/travis/build/npmtest/node-npmtest-grunt-aws-s3/lib.npmtest_grunt_aws_s3.js","s":{"1":2,"2":2,"3":2,"4":2,"5":2,"6":2,"7":2,"8":1,"9":2,"10":2,"11":2,"12":2,"13":1,"14":1,"15":1,"16":1},"b":{"1":[2,1,1,1],"2":[1,1,1,1],"3":[1,1],"4":[2,2],"5":[1,1]},"f":{"1":2,"2":2,"3":2},"fnMap":{"1":{"name":"(anonymous_1)","line":12,"loc":{"start":{"line":12,"column":1},"end":{"line":12,"column":13}}},"2":{"name":"(anonymous_2)","line":19,"loc":{"start":{"line":19,"column":5},"end":{"line":19,"column":17}}},"3":{"name":"(anonymous_3)","line":23,"loc":{"start":{"line":23,"column":24},"end":{"line":23,"column":36}}}},"statementMap":{"1":{"start":{"line":12,"column":0},"end":{"line":53,"column":5}},"2":{"start":{"line":14,"column":4},"end":{"line":14,"column":14}},"3":{"start":{"line":19,"column":4},"end":{"line":52,"column":9}},"4":{"start":{"line":21,"column":8},"end":{"line":21,"column":19}},"5":{"start":{"line":23,"column":8},"end":{"line":35,"column":13}},"6":{"start":{"line":24,"column":12},"end":{"line":34,"column":13}},"7":{"start":{"line":25,"column":16},"end":{"line":28,"column":30}},"8":{"start":{"line":30,"column":16},"end":{"line":33,"column":27}},"9":{"start":{"line":37,"column":8},"end":{"line":39,"column":21}},"10":{"start":{"line":41,"column":8},"end":{"line":41,"column":54}},"11":{"start":{"line":43,"column":8},"end":{"line":43,"column":57}},"12":{"start":{"line":45,"column":8},"end":{"line":51,"column":9}},"13":{"start":{"line":46,"column":12},"end":{"line":46,"column":63}},"14":{"start":{"line":48,"column":12},"end":{"line":48,"column":35}},"15":{"start":{"line":49,"column":12},"end":{"line":49,"column":49}},"16":{"start":{"line":50,"column":12},"end":{"line":50,"column":43}}},"branchMap":{"1":{"line":25,"type":"binary-expr","locations":[{"start":{"line":25,"column":23},"end":{"line":25,"column":62}},{"start":{"line":26,"column":20},"end":{"line":26,"column":70}},{"start":{"line":27,"column":20},"end":{"line":27,"column":71}},{"start":{"line":28,"column":20},"end":{"line":28,"column":29}}]},"2":{"line":30,"type":"binary-expr","locations":[{"start":{"line":30,"column":23},"end":{"line":30,"column":37}},{"start":{"line":31,"column":20},"end":{"line":31,"column":61}},{"start":{"line":32,"column":20},"end":{"line":32,"column":70}},{"start":{"line":33,"column":20},"end":{"line":33,"column":26}}]},"3":{"line":37,"type":"cond-expr","locations":[{"start":{"line":38,"column":14},"end":{"line":38,"column":20}},{"start":{"line":39,"column":14},"end":{"line":39,"column":20}}]},"4":{"line":41,"type":"binary-expr","locations":[{"start":{"line":41,"column":16},"end":{"line":41,"column":44}},{"start":{"line":41,"column":48},"end":{"line":41,"column":53}}]},"5":{"line":45,"type":"if","locations":[{"start":{"line":45,"column":8},"end":{"line":45,"column":8}},{"start":{"line":45,"column":8},"end":{"line":45,"column":8}}]}},"code":["/* istanbul instrument in package npmtest_grunt_aws_s3 */","/*jslint","    bitwise: true,","    browser: true,","    maxerr: 8,","    maxlen: 96,","    node: true,","    nomen: true,","    regexp: true,","    stupid: true","*/","(function () {","    'use strict';","    var local;","","","","    // run shared js-env code - pre-init","    (function () {","        // init local","        local = {};","        // init modeJs","        local.modeJs = (function () {","            try {","                return typeof navigator.userAgent === 'string' &&","                    typeof document.querySelector('body') === 'object' &&","                    typeof XMLHttpRequest.prototype.open === 'function' &&","                    'browser';","            } catch (errorCaughtBrowser) {","                return module.exports &&","                    typeof process.versions.node === 'string' &&","                    typeof require('http').createServer === 'function' &&","                    'node';","            }","        }());","        // init global","        local.global = local.modeJs === 'browser'","            ? window","            : global;","        // init utility2_rollup","        local = local.global.utility2_rollup || local;","        // init lib","        local.local = local.npmtest_grunt_aws_s3 = local;","        // init exports","        if (local.modeJs === 'browser') {","            local.global.utility2_npmtest_grunt_aws_s3 = local;","        } else {","            module.exports = local;","            module.exports.__dirname = __dirname;","            module.exports.module = module;","        }","    }());","}());",""],"l":{"12":2,"14":2,"19":2,"21":2,"23":2,"24":2,"25":2,"30":1,"37":2,"41":2,"43":2,"45":2,"46":1,"48":1,"49":1,"50":1}},"/home/travis/build/npmtest/node-npmtest-grunt-aws-s3/example.js":{"path":"/home/travis/build/npmtest/node-npmtest-grunt-aws-s3/example.js","s":{"1":2,"2":2,"3":2,"4":2,"5":2,"6":2,"7":2,"8":1,"9":2,"10":2,"11":2,"12":2,"13":1,"14":2,"15":2,"16":2,"17":2,"18":2,"19":0,"20":2,"21":1,"22":1,"23":1,"24":1,"25":1,"26":0,"27":0,"28":1,"29":1,"30":2,"31":0,"32":0,"33":0,"34":1,"35":2,"36":2,"37":3,"38":3,"39":3,"40":3,"41":0,"42":3,"43":3,"44":3,"45":1,"46":3,"47":1,"48":1,"49":1,"50":1,"51":1,"52":1,"53":1,"54":1,"55":1,"56":1,"57":0,"58":1,"59":6,"60":6,"61":1,"62":2,"63":0,"64":2,"65":1,"66":1,"67":0,"68":0,"69":0,"70":0,"71":0,"72":0,"73":0,"74":0,"75":0,"76":0,"77":0,"78":0,"79":0,"80":0,"81":0,"82":0,"83":0},"b":{"1":[2,1,1,1],"2":[1,1,1,1],"3":[1,1],"4":[2,2],"5":[1,1],"6":[1,1],"7":[2,0],"8":[2,1,1,1,1,1],"9":[0,2,0],"10":[1,1],"11":[2,1,1],"12":[1,0],"13":[0,2],"14":[2,0,0,0,0,0,0],"15":[0,3],"16":[3,0],"17":[1,1],"18":[0,1],"19":[1,2,0,2],"20":[1,0],"21":[1,1],"22":[0,0],"23":[0,0],"24":[0,0],"25":[0,0],"26":[0,0],"27":[0,0],"28":[0,0]},"f":{"1":2,"2":2,"3":2,"4":2,"5":2,"6":2,"7":3,"8":3,"9":3,"10":1,"11":6,"12":0},"fnMap":{"1":{"name":"(anonymous_1)","line":26,"loc":{"start":{"line":26,"column":1},"end":{"line":26,"column":13}}},"2":{"name":"(anonymous_2)","line":33,"loc":{"start":{"line":33,"column":5},"end":{"line":33,"column":17}}},"3":{"name":"(anonymous_3)","line":37,"loc":{"start":{"line":37,"column":24},"end":{"line":37,"column":36}}},"4":{"name":"(anonymous_4)","line":69,"loc":{"start":{"line":69,"column":31},"end":{"line":69,"column":48}},"skip":true},"5":{"name":"(anonymous_5)","line":78,"loc":{"start":{"line":78,"column":26},"end":{"line":78,"column":45}},"skip":true},"6":{"name":"(anonymous_6)","line":123,"loc":{"start":{"line":123,"column":33},"end":{"line":123,"column":48}},"skip":true},"7":{"name":"(anonymous_7)","line":125,"loc":{"start":{"line":125,"column":27},"end":{"line":125,"column":39}},"skip":true},"8":{"name":"(anonymous_8)","line":133,"loc":{"start":{"line":133,"column":59},"end":{"line":133,"column":74}},"skip":true},"9":{"name":"(anonymous_9)","line":143,"loc":{"start":{"line":143,"column":45},"end":{"line":143,"column":62}},"skip":true},"10":{"name":"(anonymous_10)","line":144,"loc":{"start":{"line":144,"column":73},"end":{"line":144,"column":92}},"skip":true},"11":{"name":"(anonymous_11)","line":272,"loc":{"start":{"line":272,"column":51},"end":{"line":272,"column":77}},"skip":true},"12":{"name":"(anonymous_12)","line":315,"loc":{"start":{"line":315,"column":32},"end":{"line":315,"column":61}},"skip":true}},"statementMap":{"1":{"start":{"line":26,"column":0},"end":{"line":326,"column":5}},"2":{"start":{"line":28,"column":4},"end":{"line":28,"column":14}},"3":{"start":{"line":33,"column":4},"end":{"line":60,"column":9}},"4":{"start":{"line":35,"column":8},"end":{"line":35,"column":19}},"5":{"start":{"line":37,"column":8},"end":{"line":49,"column":13}},"6":{"start":{"line":38,"column":12},"end":{"line":48,"column":13}},"7":{"start":{"line":39,"column":16},"end":{"line":42,"column":30}},"8":{"start":{"line":44,"column":16},"end":{"line":47,"column":27}},"9":{"start":{"line":51,"column":8},"end":{"line":53,"column":21}},"10":{"start":{"line":55,"column":8},"end":{"line":57,"column":45}},"11":{"start":{"line":59,"column":8},"end":{"line":59,"column":35}},"12":{"start":{"line":61,"column":4},"end":{"line":325,"column":5}},"13":{"start":{"line":69,"column":8},"end":{"line":121,"column":10},"skip":true},"14":{"start":{"line":70,"column":12},"end":{"line":88,"column":13},"skip":true},"15":{"start":{"line":76,"column":16},"end":{"line":87,"column":19},"skip":true},"16":{"start":{"line":79,"column":20},"end":{"line":86,"column":21},"skip":true},"17":{"start":{"line":82,"column":24},"end":{"line":82,"column":43},"skip":true},"18":{"start":{"line":83,"column":24},"end":{"line":83,"column":30},"skip":true},"19":{"start":{"line":85,"column":24},"end":{"line":85,"column":49},"skip":true},"20":{"start":{"line":89,"column":12},"end":{"line":107,"column":13},"skip":true},"21":{"start":{"line":92,"column":16},"end":{"line":102,"column":17},"skip":true},"22":{"start":{"line":93,"column":20},"end":{"line":93,"column":86},"skip":true},"23":{"start":{"line":94,"column":20},"end":{"line":95,"column":45},"skip":true},"24":{"start":{"line":96,"column":20},"end":{"line":96,"column":42},"skip":true},"25":{"start":{"line":97,"column":20},"end":{"line":97,"column":48},"skip":true},"26":{"start":{"line":100,"column":20},"end":{"line":100,"column":85},"skip":true},"27":{"start":{"line":101,"column":20},"end":{"line":101,"column":96},"skip":true},"28":{"start":{"line":103,"column":16},"end":{"line":103,"column":22},"skip":true},"29":{"start":{"line":106,"column":16},"end":{"line":106,"column":22},"skip":true},"30":{"start":{"line":108,"column":12},"end":{"line":120,"column":13},"skip":true},"31":{"start":{"line":114,"column":16},"end":{"line":119,"column":17},"skip":true},"32":{"start":{"line":116,"column":20},"end":{"line":116,"column":78},"skip":true},"33":{"start":{"line":118,"column":20},"end":{"line":118,"column":47},"skip":true},"34":{"start":{"line":123,"column":8},"end":{"line":141,"column":11},"skip":true},"35":{"start":{"line":124,"column":12},"end":{"line":124,"column":54},"skip":true},"36":{"start":{"line":125,"column":12},"end":{"line":140,"column":14},"skip":true},"37":{"start":{"line":126,"column":16},"end":{"line":126,"column":28},"skip":true},"38":{"start":{"line":127,"column":16},"end":{"line":127,"column":69},"skip":true},"39":{"start":{"line":128,"column":16},"end":{"line":128,"column":75},"skip":true},"40":{"start":{"line":129,"column":16},"end":{"line":131,"column":17},"skip":true},"41":{"start":{"line":130,"column":20},"end":{"line":130,"column":27},"skip":true},"42":{"start":{"line":133,"column":16},"end":{"line":137,"column":36},"skip":true},"43":{"start":{"line":134,"column":20},"end":{"line":136,"column":55},"skip":true},"44":{"start":{"line":139,"column":16},"end":{"line":139,"column":57},"skip":true},"45":{"start":{"line":143,"column":8},"end":{"line":147,"column":11},"skip":true},"46":{"start":{"line":144,"column":12},"end":{"line":146,"column":15},"skip":true},"47":{"start":{"line":145,"column":16},"end":{"line":145,"column":70},"skip":true},"48":{"start":{"line":149,"column":8},"end":{"line":149,"column":31},"skip":true},"49":{"start":{"line":150,"column":8},"end":{"line":150,"column":14},"skip":true},"50":{"start":{"line":158,"column":8},"end":{"line":158,"column":31},"skip":true},"51":{"start":{"line":160,"column":8},"end":{"line":160,"column":33},"skip":true},"52":{"start":{"line":161,"column":8},"end":{"line":161,"column":37},"skip":true},"53":{"start":{"line":162,"column":8},"end":{"line":162,"column":35},"skip":true},"54":{"start":{"line":164,"column":8},"end":{"line":164,"column":50},"skip":true},"55":{"start":{"line":166,"column":8},"end":{"line":256,"column":2},"skip":true},"56":{"start":{"line":258,"column":8},"end":{"line":286,"column":9},"skip":true},"57":{"start":{"line":259,"column":12},"end":{"line":269,"column":14},"skip":true},"58":{"start":{"line":271,"column":12},"end":{"line":285,"column":19},"skip":true},"59":{"start":{"line":274,"column":20},"end":{"line":274,"column":35},"skip":true},"60":{"start":{"line":275,"column":20},"end":{"line":284,"column":21},"skip":true},"61":{"start":{"line":277,"column":24},"end":{"line":277,"column":64},"skip":true},"62":{"start":{"line":279,"column":24},"end":{"line":279,"column":40},"skip":true},"63":{"start":{"line":281,"column":24},"end":{"line":281,"column":40},"skip":true},"64":{"start":{"line":283,"column":24},"end":{"line":283,"column":39},"skip":true},"65":{"start":{"line":288,"column":8},"end":{"line":290,"column":9},"skip":true},"66":{"start":{"line":289,"column":12},"end":{"line":289,"column":18},"skip":true},"67":{"start":{"line":291,"column":8},"end":{"line":293,"column":54},"skip":true},"68":{"start":{"line":296,"column":8},"end":{"line":301,"column":37},"skip":true},"69":{"start":{"line":303,"column":8},"end":{"line":303,"column":82},"skip":true},"70":{"start":{"line":306,"column":8},"end":{"line":308,"column":9},"skip":true},"71":{"start":{"line":307,"column":12},"end":{"line":307,"column":82},"skip":true},"72":{"start":{"line":310,"column":8},"end":{"line":312,"column":9},"skip":true},"73":{"start":{"line":311,"column":12},"end":{"line":311,"column":18},"skip":true},"74":{"start":{"line":313,"column":8},"end":{"line":313,"column":54},"skip":true},"75":{"start":{"line":314,"column":8},"end":{"line":314,"column":69},"skip":true},"76":{"start":{"line":315,"column":8},"end":{"line":323,"column":36},"skip":true},"77":{"start":{"line":316,"column":12},"end":{"line":316,"column":61},"skip":true},"78":{"start":{"line":317,"column":12},"end":{"line":320,"column":13},"skip":true},"79":{"start":{"line":318,"column":16},"end":{"line":318,"column":75},"skip":true},"80":{"start":{"line":319,"column":16},"end":{"line":319,"column":23},"skip":true},"81":{"start":{"line":321,"column":12},"end":{"line":321,"column":38},"skip":true},"82":{"start":{"line":322,"column":12},"end":{"line":322,"column":27},"skip":true},"83":{"start":{"line":324,"column":8},"end":{"line":324,"column":14},"skip":true}},"branchMap":{"1":{"line":39,"type":"binary-expr","locations":[{"start":{"line":39,"column":23},"end":{"line":39,"column":62}},{"start":{"line":40,"column":20},"end":{"line":40,"column":70}},{"start":{"line":41,"column":20},"end":{"line":41,"column":71}},{"start":{"line":42,"column":20},"end":{"line":42,"column":29}}]},"2":{"line":44,"type":"binary-expr","locations":[{"start":{"line":44,"column":23},"end":{"line":44,"column":37}},{"start":{"line":45,"column":20},"end":{"line":45,"column":61}},{"start":{"line":46,"column":20},"end":{"line":46,"column":70}},{"start":{"line":47,"column":20},"end":{"line":47,"column":26}}]},"3":{"line":51,"type":"cond-expr","locations":[{"start":{"line":52,"column":14},"end":{"line":52,"column":20}},{"start":{"line":53,"column":14},"end":{"line":53,"column":20}}]},"4":{"line":55,"type":"binary-expr","locations":[{"start":{"line":55,"column":16},"end":{"line":55,"column":44}},{"start":{"line":55,"column":49},"end":{"line":57,"column":43}}]},"5":{"line":55,"type":"cond-expr","locations":[{"start":{"line":56,"column":14},"end":{"line":56,"column":56}},{"start":{"line":57,"column":14},"end":{"line":57,"column":43}}]},"6":{"line":61,"type":"switch","locations":[{"start":{"line":68,"column":4},"end":{"line":150,"column":14},"skip":true},{"start":{"line":156,"column":4},"end":{"line":324,"column":14},"skip":true}]},"7":{"line":70,"type":"if","locations":[{"start":{"line":70,"column":12},"end":{"line":70,"column":12},"skip":true},{"start":{"line":70,"column":12},"end":{"line":70,"column":12},"skip":true}]},"8":{"line":70,"type":"binary-expr","locations":[{"start":{"line":70,"column":16},"end":{"line":70,"column":22},"skip":true},{"start":{"line":70,"column":27},"end":{"line":70,"column":32},"skip":true},{"start":{"line":71,"column":20},"end":{"line":71,"column":39},"skip":true},{"start":{"line":72,"column":20},"end":{"line":72,"column":49},"skip":true},{"start":{"line":73,"column":20},"end":{"line":73,"column":58},"skip":true},{"start":{"line":74,"column":20},"end":{"line":74,"column":69},"skip":true}]},"9":{"line":79,"type":"switch","locations":[{"start":{"line":80,"column":20},"end":{"line":80,"column":33},"skip":true},{"start":{"line":81,"column":20},"end":{"line":83,"column":30},"skip":true},{"start":{"line":84,"column":20},"end":{"line":85,"column":49},"skip":true}]},"10":{"line":89,"type":"switch","locations":[{"start":{"line":90,"column":12},"end":{"line":103,"column":22},"skip":true},{"start":{"line":105,"column":12},"end":{"line":106,"column":22},"skip":true}]},"11":{"line":89,"type":"binary-expr","locations":[{"start":{"line":89,"column":20},"end":{"line":89,"column":25},"skip":true},{"start":{"line":89,"column":29},"end":{"line":89,"column":48},"skip":true},{"start":{"line":89,"column":52},"end":{"line":89,"column":74},"skip":true}]},"12":{"line":92,"type":"if","locations":[{"start":{"line":92,"column":16},"end":{"line":92,"column":16},"skip":true},{"start":{"line":92,"column":16},"end":{"line":92,"column":16},"skip":true}]},"13":{"line":108,"type":"if","locations":[{"start":{"line":108,"column":12},"end":{"line":108,"column":12},"skip":true},{"start":{"line":108,"column":12},"end":{"line":108,"column":12},"skip":true}]},"14":{"line":108,"type":"binary-expr","locations":[{"start":{"line":108,"column":16},"end":{"line":108,"column":61},"skip":true},{"start":{"line":108,"column":66},"end":{"line":108,"column":72},"skip":true},{"start":{"line":108,"column":77},"end":{"line":108,"column":82},"skip":true},{"start":{"line":109,"column":20},"end":{"line":109,"column":39},"skip":true},{"start":{"line":110,"column":20},"end":{"line":110,"column":49},"skip":true},{"start":{"line":111,"column":20},"end":{"line":111,"column":58},"skip":true},{"start":{"line":112,"column":20},"end":{"line":112,"column":68},"skip":true}]},"15":{"line":129,"type":"if","locations":[{"start":{"line":129,"column":16},"end":{"line":129,"column":16},"skip":true},{"start":{"line":129,"column":16},"end":{"line":129,"column":16},"skip":true}]},"16":{"line":134,"type":"cond-expr","locations":[{"start":{"line":135,"column":26},"end":{"line":135,"column":29},"skip":true},{"start":{"line":136,"column":26},"end":{"line":136,"column":54},"skip":true}]},"17":{"line":164,"type":"binary-expr","locations":[{"start":{"line":164,"column":27},"end":{"line":164,"column":43},"skip":true},{"start":{"line":164,"column":47},"end":{"line":164,"column":49},"skip":true}]},"18":{"line":258,"type":"if","locations":[{"start":{"line":258,"column":8},"end":{"line":258,"column":8},"skip":true},{"start":{"line":258,"column":8},"end":{"line":258,"column":8},"skip":true}]},"19":{"line":275,"type":"switch","locations":[{"start":{"line":276,"column":20},"end":{"line":277,"column":64},"skip":true},{"start":{"line":278,"column":20},"end":{"line":279,"column":40},"skip":true},{"start":{"line":280,"column":20},"end":{"line":281,"column":40},"skip":true},{"start":{"line":282,"column":20},"end":{"line":283,"column":39},"skip":true}]},"20":{"line":288,"type":"if","locations":[{"start":{"line":288,"column":8},"end":{"line":288,"column":8},"skip":true},{"start":{"line":288,"column":8},"end":{"line":288,"column":8},"skip":true}]},"21":{"line":288,"type":"binary-expr","locations":[{"start":{"line":288,"column":12},"end":{"line":288,"column":40},"skip":true},{"start":{"line":288,"column":44},"end":{"line":288,"column":67},"skip":true}]},"22":{"line":292,"type":"binary-expr","locations":[{"start":{"line":292,"column":12},"end":{"line":292,"column":50},"skip":true},{"start":{"line":293,"column":12},"end":{"line":293,"column":53},"skip":true}]},"23":{"line":297,"type":"binary-expr","locations":[{"start":{"line":297,"column":12},"end":{"line":297,"column":70},"skip":true},{"start":{"line":298,"column":12},"end":{"line":301,"column":36},"skip":true}]},"24":{"line":303,"type":"binary-expr","locations":[{"start":{"line":303,"column":43},"end":{"line":303,"column":75},"skip":true},{"start":{"line":303,"column":79},"end":{"line":303,"column":81},"skip":true}]},"25":{"line":306,"type":"if","locations":[{"start":{"line":306,"column":8},"end":{"line":306,"column":8},"skip":true},{"start":{"line":306,"column":8},"end":{"line":306,"column":8},"skip":true}]},"26":{"line":310,"type":"if","locations":[{"start":{"line":310,"column":8},"end":{"line":310,"column":8},"skip":true},{"start":{"line":310,"column":8},"end":{"line":310,"column":8},"skip":true}]},"27":{"line":313,"type":"binary-expr","locations":[{"start":{"line":313,"column":27},"end":{"line":313,"column":43},"skip":true},{"start":{"line":313,"column":47},"end":{"line":313,"column":53},"skip":true}]},"28":{"line":317,"type":"if","locations":[{"start":{"line":317,"column":12},"end":{"line":317,"column":12},"skip":true},{"start":{"line":317,"column":12},"end":{"line":317,"column":12},"skip":true}]}},"code":["/*","example.js","","quickstart example","","instruction","    1. save this script as example.js","    2. run the shell command:","        $ npm install npmtest-grunt-aws-s3 && PORT=8081 node example.js","    3. play with the browser-demo on http://127.0.0.1:8081","*/","","","","/* istanbul instrument in package npmtest_grunt_aws_s3 */","/*jslint","    bitwise: true,","    browser: true,","    maxerr: 8,","    maxlen: 96,","    node: true,","    nomen: true,","    regexp: true,","    stupid: true","*/","(function () {","    'use strict';","    var local;","","","","    // run shared js-env code - pre-init","    (function () {","        // init local","        local = {};","        // init modeJs","        local.modeJs = (function () {","            try {","                return typeof navigator.userAgent === 'string' &&","                    typeof document.querySelector('body') === 'object' &&","                    typeof XMLHttpRequest.prototype.open === 'function' &&","                    'browser';","            } catch (errorCaughtBrowser) {","                return module.exports &&","                    typeof process.versions.node === 'string' &&","                    typeof require('http').createServer === 'function' &&","                    'node';","            }","        }());","        // init global","        local.global = local.modeJs === 'browser'","            ? window","            : global;","        // init utility2_rollup","        local = local.global.utility2_rollup || (local.modeJs === 'browser'","            ? local.global.utility2_npmtest_grunt_aws_s3","            : global.utility2_moduleExports);","        // export local","        local.global.local = local;","    }());","    switch (local.modeJs) {","","","","    // post-init","    // run browser js-env code - post-init","    /* istanbul ignore next */","    case 'browser':","        local.testRunBrowser = function (event) {","            if (!event || (event &&","                    event.currentTarget &&","                    event.currentTarget.className &&","                    event.currentTarget.className.includes &&","                    event.currentTarget.className.includes('onreset'))) {","                // reset output","                Array.from(","                    document.querySelectorAll('body > .resettable')","                ).forEach(function (element) {","                    switch (element.tagName) {","                    case 'INPUT':","                    case 'TEXTAREA':","                        element.value = '';","                        break;","                    default:","                        element.textContent = '';","                    }","                });","            }","            switch (event && event.currentTarget && event.currentTarget.id) {","            case 'testRunButton1':","                // show tests","                if (document.querySelector('#testReportDiv1').style.display === 'none') {","                    document.querySelector('#testReportDiv1').style.display = 'block';","                    document.querySelector('#testRunButton1').textContent =","                        'hide internal test';","                    local.modeTest = true;","                    local.testRunDefault(local);","                // hide tests","                } else {","                    document.querySelector('#testReportDiv1').style.display = 'none';","                    document.querySelector('#testRunButton1').textContent = 'run internal test';","                }","                break;","            // custom-case","            default:","                break;","            }","            if (document.querySelector('#inputTextareaEval1') && (!event || (event &&","                    event.currentTarget &&","                    event.currentTarget.className &&","                    event.currentTarget.className.includes &&","                    event.currentTarget.className.includes('oneval')))) {","                // try to eval input-code","                try {","                    /*jslint evil: true*/","                    eval(document.querySelector('#inputTextareaEval1').value);","                } catch (errorCaught) {","                    console.error(errorCaught);","                }","            }","        };","        // log stderr and stdout to #outputTextareaStdout1","        ['error', 'log'].forEach(function (key) {","            console[key + '_original'] = console[key];","            console[key] = function () {","                var element;","                console[key + '_original'].apply(console, arguments);","                element = document.querySelector('#outputTextareaStdout1');","                if (!element) {","                    return;","                }","                // append text to #outputTextareaStdout1","                element.value += Array.from(arguments).map(function (arg) {","                    return typeof arg === 'string'","                        ? arg","                        : JSON.stringify(arg, null, 4);","                }).join(' ') + '\\n';","                // scroll textarea to bottom","                element.scrollTop = element.scrollHeight;","            };","        });","        // init event-handling","        ['change', 'click', 'keyup'].forEach(function (event) {","            Array.from(document.querySelectorAll('.on' + event)).forEach(function (element) {","                element.addEventListener(event, local.testRunBrowser);","            });","        });","        // run tests","        local.testRunBrowser();","        break;","","","","    // run node js-env code - post-init","    /* istanbul ignore next */","    case 'node':","        // export local","        module.exports = local;","        // require modules","        local.fs = require('fs');","        local.http = require('http');","        local.url = require('url');","        // init assets","        local.assetsDict = local.assetsDict || {};","        /* jslint-ignore-begin */","        local.assetsDict['/assets.index.template.html'] = '\\","<!doctype html>\\n\\","<html lang=\"en\">\\n\\","<head>\\n\\","<meta charset=\"UTF-8\">\\n\\","<meta name=\"viewport\" content=\"width=device-width, initial-scale=1\">\\n\\","<title>{{env.npm_package_name}} (v{{env.npm_package_version}})</title>\\n\\","<style>\\n\\","/*csslint\\n\\","    box-sizing: false,\\n\\","    universal-selector: false\\n\\","*/\\n\\","* {\\n\\","    box-sizing: border-box;\\n\\","}\\n\\","body {\\n\\","    background: #dde;\\n\\","    font-family: Arial, Helvetica, sans-serif;\\n\\","    margin: 2rem;\\n\\","}\\n\\","body > * {\\n\\","    margin-bottom: 1rem;\\n\\","}\\n\\",".utility2FooterDiv {\\n\\","    margin-top: 20px;\\n\\","    text-align: center;\\n\\","}\\n\\","</style>\\n\\","<style>\\n\\","/*csslint\\n\\","*/\\n\\","textarea {\\n\\","    font-family: monospace;\\n\\","    height: 10rem;\\n\\","    width: 100%;\\n\\","}\\n\\","textarea[readonly] {\\n\\","    background: #ddd;\\n\\","}\\n\\","</style>\\n\\","</head>\\n\\","<body>\\n\\","<!-- utility2-comment\\n\\","<div id=\"ajaxProgressDiv1\" style=\"background: #d00; height: 2px; left: 0; margin: 0; padding: 0; position: fixed; top: 0; transition: background 0.5s, width 1.5s; width: 25%;\"></div>\\n\\","utility2-comment -->\\n\\","<h1>\\n\\","<!-- utility2-comment\\n\\","    <a\\n\\","        {{#if env.npm_package_homepage}}\\n\\","        href=\"{{env.npm_package_homepage}}\"\\n\\","        {{/if env.npm_package_homepage}}\\n\\","        target=\"_blank\"\\n\\","    >\\n\\","utility2-comment -->\\n\\","        {{env.npm_package_name}} (v{{env.npm_package_version}})\\n\\","<!-- utility2-comment\\n\\","    </a>\\n\\","utility2-comment -->\\n\\","</h1>\\n\\","<h3>{{env.npm_package_description}}</h3>\\n\\","<!-- utility2-comment\\n\\","<h4><a download href=\"assets.app.js\">download standalone app</a></h4>\\n\\","<button class=\"onclick onreset\" id=\"testRunButton1\">run internal test</button><br>\\n\\","<div id=\"testReportDiv1\" style=\"display: none;\"></div>\\n\\","utility2-comment -->\\n\\","\\n\\","\\n\\","\\n\\","<label>stderr and stdout</label>\\n\\","<textarea class=\"resettable\" id=\"outputTextareaStdout1\" readonly></textarea>\\n\\","<!-- utility2-comment\\n\\","{{#if isRollup}}\\n\\","<script src=\"assets.app.js\"></script>\\n\\","{{#unless isRollup}}\\n\\","utility2-comment -->\\n\\","<script src=\"assets.utility2.rollup.js\"></script>\\n\\","<script src=\"jsonp.utility2._stateInit?callback=window.utility2._stateInit\"></script>\\n\\","<script src=\"assets.npmtest_grunt_aws_s3.rollup.js\"></script>\\n\\","<script src=\"assets.example.js\"></script>\\n\\","<script src=\"assets.test.js\"></script>\\n\\","<!-- utility2-comment\\n\\","{{/if isRollup}}\\n\\","utility2-comment -->\\n\\","<div class=\"utility2FooterDiv\">\\n\\","    [ this app was created with\\n\\","    <a href=\"https://github.com/kaizhu256/node-utility2\" target=\"_blank\">utility2</a>\\n\\","    ]\\n\\","</div>\\n\\","</body>\\n\\","</html>\\n\\","';","        /* jslint-ignore-end */","        if (local.templateRender) {","            local.assetsDict['/'] = local.templateRender(","                local.assetsDict['/assets.index.template.html'],","                {","                    env: local.objectSetDefault(local.env, {","                        npm_package_description: 'the greatest app in the world!',","                        npm_package_name: 'my-app',","                        npm_package_nameAlias: 'my_app',","                        npm_package_version: '0.0.1'","                    })","                }","            );","        } else {","            local.assetsDict['/'] = local.assetsDict['/assets.index.template.html']","                .replace((/\\{\\{env\\.(\\w+?)\\}\\}/g), function (match0, match1) {","                    // jslint-hack","                    String(match0);","                    switch (match1) {","                    case 'npm_package_description':","                        return 'the greatest app in the world!';","                    case 'npm_package_name':","                        return 'my-app';","                    case 'npm_package_nameAlias':","                        return 'my_app';","                    case 'npm_package_version':","                        return '0.0.1';","                    }","                });","        }","        // run the cli","        if (local.global.utility2_rollup || module !== require.main) {","            break;","        }","        local.assetsDict['/assets.example.js'] =","            local.assetsDict['/assets.example.js'] ||","            local.fs.readFileSync(__filename, 'utf8');","        // bug-workaround - long $npm_package_buildCustomOrg","        /* jslint-ignore-begin */","        local.assetsDict['/assets.npmtest_grunt_aws_s3.rollup.js'] =","            local.assetsDict['/assets.npmtest_grunt_aws_s3.rollup.js'] ||","            local.fs.readFileSync(","                local.npmtest_grunt_aws_s3.__dirname + '/lib.npmtest_grunt_aws_s3.js',","                'utf8'","            ).replace((/^#!/), '//');","        /* jslint-ignore-end */","        local.assetsDict['/favicon.ico'] = local.assetsDict['/favicon.ico'] || '';","        // if $npm_config_timeout_exit exists,","        // then exit this process after $npm_config_timeout_exit ms","        if (Number(process.env.npm_config_timeout_exit)) {","            setTimeout(process.exit, Number(process.env.npm_config_timeout_exit));","        }","        // start server","        if (local.global.utility2_serverHttp1) {","            break;","        }","        process.env.PORT = process.env.PORT || '8081';","        console.error('server starting on port ' + process.env.PORT);","        local.http.createServer(function (request, response) {","            request.urlParsed = local.url.parse(request.url);","            if (local.assetsDict[request.urlParsed.pathname] !== undefined) {","                response.end(local.assetsDict[request.urlParsed.pathname]);","                return;","            }","            response.statusCode = 404;","            response.end();","        }).listen(process.env.PORT);","        break;","    }","}());",""],"l":{"26":2,"28":2,"33":2,"35":2,"37":2,"38":2,"39":2,"44":1,"51":2,"55":2,"59":2,"61":2,"69":1,"70":2,"76":2,"79":2,"82":2,"83":2,"85":1,"89":2,"92":1,"93":1,"94":1,"96":1,"97":1,"100":1,"101":1,"103":1,"106":1,"108":2,"114":1,"116":1,"118":1,"123":1,"124":2,"125":2,"126":3,"127":3,"128":3,"129":3,"130":1,"133":3,"134":3,"139":3,"143":1,"144":3,"145":1,"149":1,"150":1,"158":1,"160":1,"161":1,"162":1,"164":1,"166":1,"258":1,"259":1,"271":1,"274":6,"275":6,"277":1,"279":2,"281":1,"283":2,"288":1,"289":1,"291":1,"296":1,"303":1,"306":1,"307":1,"310":1,"311":1,"313":1,"314":1,"315":1,"316":1,"317":1,"318":1,"319":1,"321":1,"322":1,"324":1}},"/home/travis/build/npmtest/node-npmtest-grunt-aws-s3/node_modules/grunt-aws-s3/Gruntfile.js":{"path":"/home/travis/build/npmtest/node-npmtest-grunt-aws-s3/node_modules/grunt-aws-s3/Gruntfile.js","s":{"1":1,"2":0,"3":0,"4":0,"5":0,"6":0,"7":0,"8":0,"9":0,"10":0,"11":0},"b":{},"f":{"1":0,"2":0},"fnMap":{"1":{"name":"(anonymous_1)","line":11,"loc":{"start":{"line":11,"column":17},"end":{"line":11,"column":34}}},"2":{"name":"(anonymous_2)","line":13,"loc":{"start":{"line":13,"column":66},"end":{"line":13,"column":77}}}},"statementMap":{"1":{"start":{"line":11,"column":0},"end":{"line":95,"column":2}},"2":{"start":{"line":13,"column":1},"end":{"line":15,"column":4}},"3":{"start":{"line":14,"column":2},"end":{"line":14,"column":53}},"4":{"start":{"line":18,"column":1},"end":{"line":83,"column":4}},"5":{"start":{"line":86,"column":1},"end":{"line":86,"column":28}},"6":{"start":{"line":88,"column":1},"end":{"line":88,"column":44}},"7":{"start":{"line":89,"column":1},"end":{"line":89,"column":40}},"8":{"start":{"line":90,"column":1},"end":{"line":90,"column":43}},"9":{"start":{"line":91,"column":1},"end":{"line":91,"column":42}},"10":{"start":{"line":93,"column":1},"end":{"line":93,"column":101}},"11":{"start":{"line":94,"column":1},"end":{"line":94,"column":72}}},"branchMap":{},"code":["/*"," * grunt-aws-s3"," * https://github.com/MathieuLoutre/grunt-aws-s3"," *"," * Copyright (c) 2013 Mathieu Triay"," * Licensed under the MIT license."," */","","'use strict';","","module.exports = function (grunt) {","","\tgrunt.registerTask('create_bucket', 'creates the bucket folder', function() {","\t\tgrunt.file.mkdir(__dirname + '/test/local/bucket');","\t});","","\t// Project configuration.","\tgrunt.initConfig({","\t\tjshint: {","\t\t\tall: [","\t\t\t\t'tasks/*.js'","\t\t\t],","\t\t\toptions: {","\t\t\t\tjshintrc: '.jshintrc',","\t\t\t},","\t\t},","\t\taws_s3: {","\t\t\ttest_local: {","\t\t\t\toptions: {","\t\t\t\t\tbucket: __dirname + '/test/local/bucket',","\t\t\t\t\tuploadConcurrency: 1,","\t\t\t\t\tmock: true,","\t\t\t\t\tstream: true","\t\t\t\t},","\t\t\t\tfiles: [","\t\t\t\t\t{expand: true, cwd: \"test/local/upload/\", src: ['**'], dest: 'first/', stream: false},","\t\t\t\t\t{dest: '/', cwd: 'test/local/download/backup/', action: 'download', stream: false},","\t\t\t\t\t{dest: 'first/otters/updated/', action: 'delete'},","\t\t\t\t\t{dest: 'punk/', action: 'delete'},","\t\t\t\t\t{expand: true, cwd: \"test/local/upload/otters/river/\", src: ['**'], dest: 'second/'},","\t\t\t\t\t{dest: 'otters/funk/', cwd: 'test/local/download/backup/', action: 'download'},","\t\t\t\t\t{expand: true, cwd: \"test/local/upload/otters/updated/\", src: ['**'], dest: 'second/', differential: true},","\t\t\t\t\t{expand: true, cwd: \"test/local/upload/otters/updated/\", src: ['**'], dest: 'third/'},","\t\t\t\t\t{dest: 'third/', action: 'delete', differential: true, cwd: \"test/local/upload/otters/river/\"},","\t\t\t\t\t{expand: true, cwd: \"test/local/upload/\", src: ['**'], dest: 'fourth/'},","\t\t\t\t\t{dest: 'fourth/otters/river/', cwd: 'test/local/download/fourth/', action: 'download'},","\t\t\t\t\t{dest: 'fourth/otters/updated/', cwd: 'test/local/download/fourth/', action: 'download', differential: true},","\t\t\t\t\t{dest: 'fourth/otters/updated/', cwd: 'test/local/download/fifth/', exclude: \"**/yay*\", action: 'download'},","\t\t\t\t\t{expand: true, cwd: \"test/local/upload/otters/updated/\", src: ['**'], dest: 'fifth/'},","\t\t\t\t\t{dest: 'fifth/', exclude: \"**/*copy*\", flipExclude: true, action: 'delete'},","\t\t\t\t\t{src: 'first/', dest: 'copies/', action: 'copy'},","\t\t\t\t]","\t\t\t},","\t\t\ttest_live: {","\t\t\t\toptions: {","\t\t\t\t\tbucket: 'grunt-aws-test-bucket',","\t\t\t\t\tuploadConcurrency: 100,","\t\t\t\t\tcopyConcurrency: 100","\t\t\t\t},","\t\t\t\tfiles: [","\t\t\t\t\t{expand: true, cwd: \"test/local/upload/\", src: ['otters/animal.txt'], dest: 'first/', stream: false},","\t\t\t\t]","\t\t\t},","\t\t},","\t\tmochaTest: {","\t\t\ttest: {","\t\t\t\toptions: {","\t\t\t\t\treporter: 'spec'","\t\t\t\t},","\t\t\t\tsrc: ['test/*.js']","\t\t\t}","\t\t},","\t\tclean: {","\t\t\ttest: ['test/local/**']","\t\t},","\t\tcopy: {","\t\t\tmain: {","\t\t\t\tfiles: [","\t\t\t\t\t{expand: true, cwd: 'test/fixtures/', src: ['**'], dest: 'test/local'},","\t\t\t\t]","\t\t\t}","\t\t}","\t});","","\t// Actually load this plugin's task(s).","\tgrunt.loadTasks('./tasks');","","\tgrunt.loadNpmTasks('grunt-contrib-jshint');","\tgrunt.loadNpmTasks('grunt-mocha-test');","\tgrunt.loadNpmTasks('grunt-contrib-clean');","\tgrunt.loadNpmTasks('grunt-contrib-copy');","","\tgrunt.registerTask('default', ['clean', 'copy', 'create_bucket', 'aws_s3:test_local', 'mochaTest']);","\tgrunt.registerTask('test-live', ['clean', 'copy', 'aws_s3:test_live']);","};",""],"l":{"11":1,"13":0,"14":0,"18":0,"86":0,"88":0,"89":0,"90":0,"91":0,"93":0,"94":0}},"/home/travis/build/npmtest/node-npmtest-grunt-aws-s3/node_modules/grunt-aws-s3/tasks/aws_s3.js":{"path":"/home/travis/build/npmtest/node-npmtest-grunt-aws-s3/node_modules/grunt-aws-s3/tasks/aws_s3.js","s":{"1":1,"2":1,"3":1,"4":1,"5":1,"6":1,"7":1,"8":1,"9":1,"10":0,"11":0,"12":0,"13":0,"14":0,"15":0,"16":0,"17":0,"18":0,"19":0,"20":0,"21":0,"22":0,"23":0,"24":0,"25":0,"26":0,"27":0,"28":0,"29":0,"30":0,"31":0,"32":0,"33":0,"34":0,"35":0,"36":0,"37":0,"38":0,"39":0,"40":0,"41":0,"42":0,"43":0,"44":0,"45":0,"46":0,"47":0,"48":0,"49":0,"50":0,"51":0,"52":0,"53":0,"54":0,"55":0,"56":0,"57":0,"58":0,"59":0,"60":0,"61":0,"62":0,"63":0,"64":0,"65":0,"66":0,"67":0,"68":0,"69":0,"70":0,"71":0,"72":0,"73":0,"74":0,"75":0,"76":0,"77":0,"78":0,"79":0,"80":0,"81":0,"82":0,"83":0,"84":0,"85":0,"86":0,"87":0,"88":0,"89":0,"90":0,"91":0,"92":0,"93":0,"94":0,"95":0,"96":0,"97":0,"98":0,"99":0,"100":0,"101":0,"102":0,"103":0,"104":0,"105":0,"106":0,"107":0,"108":0,"109":0,"110":0,"111":0,"112":0,"113":0,"114":0,"115":0,"116":0,"117":0,"118":0,"119":0,"120":0,"121":0,"122":0,"123":0,"124":0,"125":0,"126":0,"127":0,"128":0,"129":0,"130":0,"131":0,"132":0,"133":0,"134":0,"135":0,"136":0,"137":0,"138":0,"139":0,"140":0,"141":0,"142":0,"143":0,"144":0,"145":0,"146":0,"147":0,"148":0,"149":0,"150":0,"151":0,"152":0,"153":0,"154":0,"155":0,"156":0,"157":0,"158":0,"159":0,"160":0,"161":0,"162":0,"163":0,"164":0,"165":0,"166":0,"167":0,"168":0,"169":0,"170":0,"171":0,"172":0,"173":0,"174":0,"175":0,"176":0,"177":0,"178":0,"179":0,"180":0,"181":0,"182":0,"183":0,"184":0,"185":0,"186":0,"187":0,"188":0,"189":0,"190":0,"191":0,"192":0,"193":0,"194":0,"195":0,"196":0,"197":0,"198":0,"199":0,"200":0,"201":0,"202":0,"203":0,"204":0,"205":0,"206":0,"207":0,"208":0,"209":0,"210":0,"211":0,"212":0,"213":0,"214":0,"215":0,"216":0,"217":0,"218":0,"219":0,"220":0,"221":0,"222":0,"223":0,"224":0,"225":0,"226":0,"227":0,"228":0,"229":0,"230":0,"231":0,"232":0,"233":0,"234":0,"235":0,"236":0,"237":0,"238":0,"239":0,"240":0,"241":0,"242":0,"243":0,"244":0,"245":0,"246":0,"247":0,"248":0,"249":0,"250":0,"251":0,"252":0,"253":0,"254":0,"255":0,"256":0,"257":0,"258":0,"259":0,"260":0,"261":0,"262":0,"263":0,"264":0,"265":0,"266":0,"267":0,"268":0,"269":0,"270":0,"271":0,"272":0,"273":0,"274":0,"275":0,"276":0,"277":0,"278":0,"279":0,"280":0,"281":0,"282":0,"283":0,"284":0,"285":0,"286":0,"287":0,"288":0,"289":0,"290":0,"291":0,"292":0,"293":0,"294":0,"295":0,"296":0,"297":0,"298":0,"299":0,"300":0,"301":0,"302":0,"303":0,"304":0,"305":0,"306":0,"307":0,"308":0,"309":0,"310":0,"311":0,"312":0,"313":0,"314":0,"315":0,"316":0,"317":0,"318":0,"319":0,"320":0,"321":0,"322":0,"323":0,"324":0,"325":0,"326":0,"327":0,"328":0,"329":0,"330":0,"331":0,"332":0,"333":0,"334":0,"335":0,"336":0,"337":0,"338":0,"339":0,"340":0,"341":0,"342":0,"343":0,"344":0,"345":0,"346":0,"347":0,"348":0,"349":0,"350":0,"351":0,"352":0,"353":0,"354":0,"355":0,"356":0,"357":0,"358":0,"359":0,"360":0,"361":0,"362":0,"363":0,"364":0,"365":0,"366":0,"367":0,"368":0,"369":0,"370":0,"371":0,"372":0,"373":0,"374":0,"375":0,"376":0,"377":0,"378":0,"379":0,"380":0,"381":0,"382":0,"383":0,"384":0,"385":0,"386":0,"387":0,"388":0,"389":0,"390":0,"391":0,"392":0,"393":0,"394":0,"395":0,"396":0,"397":0,"398":0,"399":0,"400":0,"401":0,"402":0,"403":0,"404":0,"405":0,"406":0,"407":0,"408":0,"409":0,"410":0,"411":0,"412":0,"413":0,"414":0,"415":0,"416":0,"417":0,"418":0,"419":0,"420":0,"421":0,"422":0,"423":0,"424":0,"425":0,"426":0,"427":0,"428":0,"429":0,"430":0,"431":0,"432":0,"433":0,"434":0,"435":0,"436":0,"437":0,"438":0,"439":0,"440":0,"441":0,"442":0,"443":0,"444":0,"445":0,"446":0,"447":0,"448":0,"449":0,"450":0,"451":0,"452":0,"453":0,"454":0,"455":0,"456":0,"457":0,"458":0,"459":0},"b":{"1":[0,0],"2":[0,0],"3":[0,0],"4":[0,0],"5":[0,0],"6":[0,0],"7":[0,0],"8":[0,0],"9":[0,0],"10":[0,0],"11":[0,0],"12":[0,0],"13":[0,0],"14":[0,0],"15":[0,0],"16":[0,0],"17":[0,0],"18":[0,0],"19":[0,0],"20":[0,0],"21":[0,0],"22":[0,0],"23":[0,0],"24":[0,0],"25":[0,0],"26":[0,0],"27":[0,0],"28":[0,0],"29":[0,0],"30":[0,0],"31":[0,0],"32":[0,0],"33":[0,0],"34":[0,0],"35":[0,0],"36":[0,0],"37":[0,0],"38":[0,0],"39":[0,0],"40":[0,0],"41":[0,0],"42":[0,0],"43":[0,0],"44":[0,0],"45":[0,0],"46":[0,0],"47":[0,0],"48":[0,0],"49":[0,0],"50":[0,0],"51":[0,0],"52":[0,0],"53":[0,0],"54":[0,0],"55":[0,0],"56":[0,0],"57":[0,0],"58":[0,0],"59":[0,0],"60":[0,0],"61":[0,0],"62":[0,0],"63":[0,0],"64":[0,0],"65":[0,0,0,0],"66":[0,0],"67":[0,0],"68":[0,0],"69":[0,0],"70":[0,0,0],"71":[0,0],"72":[0,0],"73":[0,0],"74":[0,0],"75":[0,0],"76":[0,0],"77":[0,0],"78":[0,0,0,0],"79":[0,0],"80":[0,0],"81":[0,0,0],"82":[0,0],"83":[0,0],"84":[0,0],"85":[0,0],"86":[0,0],"87":[0,0],"88":[0,0],"89":[0,0],"90":[0,0,0],"91":[0,0],"92":[0,0],"93":[0,0],"94":[0,0],"95":[0,0,0,0],"96":[0,0],"97":[0,0],"98":[0,0],"99":[0,0],"100":[0,0],"101":[0,0],"102":[0,0],"103":[0,0],"104":[0,0],"105":[0,0],"106":[0,0],"107":[0,0,0],"108":[0,0],"109":[0,0],"110":[0,0],"111":[0,0],"112":[0,0],"113":[0,0],"114":[0,0],"115":[0,0],"116":[0,0,0,0],"117":[0,0],"118":[0,0],"119":[0,0],"120":[0,0],"121":[0,0],"122":[0,0],"123":[0,0],"124":[0,0],"125":[0,0],"126":[0,0],"127":[0,0],"128":[0,0],"129":[0,0],"130":[0,0],"131":[0,0],"132":[0,0],"133":[0,0],"134":[0,0],"135":[0,0],"136":[0,0],"137":[0,0],"138":[0,0],"139":[0,0],"140":[0,0],"141":[0,0],"142":[0,0],"143":[0,0],"144":[0,0],"145":[0,0],"146":[0,0],"147":[0,0],"148":[0,0],"149":[0,0],"150":[0,0],"151":[0,0],"152":[0,0],"153":[0,0],"154":[0,0],"155":[0,0],"156":[0,0],"157":[0,0],"158":[0,0],"159":[0,0],"160":[0,0],"161":[0,0],"162":[0,0],"163":[0,0]},"f":{"1":0,"2":0,"3":0,"4":0,"5":0,"6":0,"7":0,"8":0,"9":0,"10":0,"11":0,"12":0,"13":0,"14":0,"15":0,"16":0,"17":0,"18":0,"19":0,"20":0,"21":0,"22":0,"23":0,"24":0,"25":0,"26":0,"27":0,"28":0,"29":0,"30":0,"31":0,"32":0,"33":0,"34":0,"35":0,"36":0,"37":0,"38":0,"39":0,"40":0,"41":0,"42":0,"43":0,"44":0,"45":0,"46":0,"47":0,"48":0,"49":0,"50":0,"51":0,"52":0,"53":0,"54":0,"55":0,"56":0,"57":0,"58":0,"59":0,"60":0,"61":0,"62":0,"63":0,"64":0,"65":0,"66":0,"67":0,"68":0,"69":0,"70":0},"fnMap":{"1":{"name":"(anonymous_1)","line":20,"loc":{"start":{"line":20,"column":17},"end":{"line":20,"column":34}}},"2":{"name":"(anonymous_2)","line":22,"loc":{"start":{"line":22,"column":77},"end":{"line":22,"column":89}}},"3":{"name":"(anonymous_3)","line":81,"loc":{"start":{"line":81,"column":22},"end":{"line":81,"column":40}}},"4":{"name":"(anonymous_4)","line":83,"loc":{"start":{"line":83,"column":34},"end":{"line":83,"column":49}}},"5":{"name":"(anonymous_5)","line":88,"loc":{"start":{"line":88,"column":21},"end":{"line":88,"column":37}}},"6":{"name":"(anonymous_6)","line":95,"loc":{"start":{"line":95,"column":27},"end":{"line":95,"column":48}}},"7":{"name":"(anonymous_7)","line":113,"loc":{"start":{"line":113,"column":17},"end":{"line":113,"column":46}}},"8":{"name":"(anonymous_8)","line":119,"loc":{"start":{"line":119,"column":27},"end":{"line":119,"column":39}}},"9":{"name":"(anonymous_9)","line":124,"loc":{"start":{"line":124,"column":29},"end":{"line":124,"column":44}}},"10":{"name":"(anonymous_10)","line":128,"loc":{"start":{"line":128,"column":28},"end":{"line":128,"column":44}}},"11":{"name":"(anonymous_11)","line":139,"loc":{"start":{"line":139,"column":22},"end":{"line":139,"column":51}}},"12":{"name":"(anonymous_12)","line":141,"loc":{"start":{"line":141,"column":30},"end":{"line":141,"column":52}}},"13":{"name":"(anonymous_13)","line":160,"loc":{"start":{"line":160,"column":24},"end":{"line":160,"column":53}}},"14":{"name":"(anonymous_14)","line":162,"loc":{"start":{"line":162,"column":21},"end":{"line":162,"column":46}}},"15":{"name":"(anonymous_15)","line":224,"loc":{"start":{"line":224,"column":20},"end":{"line":224,"column":31}}},"16":{"name":"(anonymous_16)","line":232,"loc":{"start":{"line":232,"column":21},"end":{"line":232,"column":41}}},"17":{"name":"(anonymous_17)","line":301,"loc":{"start":{"line":301,"column":26},"end":{"line":301,"column":41}}},"18":{"name":"(anonymous_18)","line":337,"loc":{"start":{"line":337,"column":20},"end":{"line":337,"column":66}}},"19":{"name":"(anonymous_19)","line":348,"loc":{"start":{"line":348,"column":26},"end":{"line":348,"column":47}}},"20":{"name":"(anonymous_20)","line":359,"loc":{"start":{"line":359,"column":31},"end":{"line":359,"column":44}}},"21":{"name":"(anonymous_21)","line":368,"loc":{"start":{"line":368,"column":22},"end":{"line":368,"column":48}}},"22":{"name":"(anonymous_22)","line":373,"loc":{"start":{"line":373,"column":26},"end":{"line":373,"column":47}}},"23":{"name":"(anonymous_23)","line":378,"loc":{"start":{"line":378,"column":22},"end":{"line":378,"column":35}}},"24":{"name":"(anonymous_24)","line":394,"loc":{"start":{"line":394,"column":42},"end":{"line":394,"column":55}}},"25":{"name":"(anonymous_25)","line":413,"loc":{"start":{"line":413,"column":15},"end":{"line":413,"column":36}}},"26":{"name":"(anonymous_26)","line":445,"loc":{"start":{"line":445,"column":23},"end":{"line":445,"column":36}}},"27":{"name":"(anonymous_27)","line":449,"loc":{"start":{"line":449,"column":62},"end":{"line":449,"column":75}}},"28":{"name":"(anonymous_28)","line":452,"loc":{"start":{"line":452,"column":66},"end":{"line":452,"column":87}}},"29":{"name":"(anonymous_29)","line":465,"loc":{"start":{"line":465,"column":15},"end":{"line":465,"column":43}}},"30":{"name":"(anonymous_30)","line":471,"loc":{"start":{"line":471,"column":152},"end":{"line":471,"column":173}}},"31":{"name":"(anonymous_31)","line":482,"loc":{"start":{"line":482,"column":20},"end":{"line":482,"column":46}}},"32":{"name":"(anonymous_32)","line":487,"loc":{"start":{"line":487,"column":33},"end":{"line":487,"column":52}}},"33":{"name":"(anonymous_33)","line":494,"loc":{"start":{"line":494,"column":34},"end":{"line":494,"column":66}}},"34":{"name":"(anonymous_34)","line":509,"loc":{"start":{"line":509,"column":24},"end":{"line":509,"column":36}}},"35":{"name":"(anonymous_35)","line":518,"loc":{"start":{"line":518,"column":30},"end":{"line":518,"column":53}}},"36":{"name":"(anonymous_36)","line":542,"loc":{"start":{"line":542,"column":19},"end":{"line":542,"column":47}}},"37":{"name":"(anonymous_37)","line":553,"loc":{"start":{"line":553,"column":24},"end":{"line":553,"column":36}}},"38":{"name":"(anonymous_38)","line":557,"loc":{"start":{"line":557,"column":26},"end":{"line":557,"column":41}}},"39":{"name":"(anonymous_39)","line":561,"loc":{"start":{"line":561,"column":23},"end":{"line":561,"column":38}}},"40":{"name":"(anonymous_40)","line":568,"loc":{"start":{"line":568,"column":62},"end":{"line":568,"column":83}}},"41":{"name":"(anonymous_41)","line":580,"loc":{"start":{"line":580,"column":24},"end":{"line":580,"column":50}}},"42":{"name":"(anonymous_42)","line":585,"loc":{"start":{"line":585,"column":26},"end":{"line":585,"column":49}}},"43":{"name":"(anonymous_43)","line":595,"loc":{"start":{"line":595,"column":38},"end":{"line":595,"column":74}}},"44":{"name":"(anonymous_44)","line":621,"loc":{"start":{"line":621,"column":39},"end":{"line":621,"column":65}}},"45":{"name":"(anonymous_45)","line":641,"loc":{"start":{"line":641,"column":28},"end":{"line":641,"column":40}}},"46":{"name":"(anonymous_46)","line":650,"loc":{"start":{"line":650,"column":38},"end":{"line":650,"column":65}}},"47":{"name":"(anonymous_47)","line":674,"loc":{"start":{"line":674,"column":21},"end":{"line":674,"column":48}}},"48":{"name":"(anonymous_48)","line":701,"loc":{"start":{"line":701,"column":17},"end":{"line":701,"column":45}}},"49":{"name":"(anonymous_49)","line":720,"loc":{"start":{"line":720,"column":25},"end":{"line":720,"column":46}}},"50":{"name":"(anonymous_50)","line":729,"loc":{"start":{"line":729,"column":22},"end":{"line":729,"column":48}}},"51":{"name":"(anonymous_51)","line":733,"loc":{"start":{"line":733,"column":22},"end":{"line":733,"column":46}}},"52":{"name":"(anonymous_52)","line":735,"loc":{"start":{"line":735,"column":35},"end":{"line":735,"column":69}}},"53":{"name":"(anonymous_53)","line":746,"loc":{"start":{"line":746,"column":80},"end":{"line":746,"column":106}}},"54":{"name":"(anonymous_54)","line":757,"loc":{"start":{"line":757,"column":25},"end":{"line":757,"column":37}}},"55":{"name":"(anonymous_55)","line":766,"loc":{"start":{"line":766,"column":34},"end":{"line":766,"column":59}}},"56":{"name":"(anonymous_56)","line":795,"loc":{"start":{"line":795,"column":12},"end":{"line":795,"column":33}}},"57":{"name":"(anonymous_57)","line":812,"loc":{"start":{"line":812,"column":60},"end":{"line":812,"column":86}}},"58":{"name":"(anonymous_58)","line":813,"loc":{"start":{"line":813,"column":23},"end":{"line":813,"column":42}}},"59":{"name":"(anonymous_59)","line":816,"loc":{"start":{"line":816,"column":7},"end":{"line":816,"column":31}}},"60":{"name":"(anonymous_60)","line":830,"loc":{"start":{"line":830,"column":26},"end":{"line":830,"column":52}}},"61":{"name":"(anonymous_61)","line":846,"loc":{"start":{"line":846,"column":16},"end":{"line":846,"column":28}}},"62":{"name":"(anonymous_62)","line":848,"loc":{"start":{"line":848,"column":19},"end":{"line":848,"column":32}}},"63":{"name":"(anonymous_63)","line":870,"loc":{"start":{"line":870,"column":19},"end":{"line":870,"column":32}}},"64":{"name":"(anonymous_64)","line":872,"loc":{"start":{"line":872,"column":21},"end":{"line":872,"column":37}}},"65":{"name":"(anonymous_65)","line":889,"loc":{"start":{"line":889,"column":23},"end":{"line":889,"column":43}}},"66":{"name":"(anonymous_66)","line":906,"loc":{"start":{"line":906,"column":19},"end":{"line":906,"column":35}}},"67":{"name":"(anonymous_67)","line":939,"loc":{"start":{"line":939,"column":19},"end":{"line":939,"column":35}}},"68":{"name":"(anonymous_68)","line":972,"loc":{"start":{"line":972,"column":19},"end":{"line":972,"column":35}}},"69":{"name":"(anonymous_69)","line":1003,"loc":{"start":{"line":1003,"column":18},"end":{"line":1003,"column":34}}},"70":{"name":"(anonymous_70)","line":1024,"loc":{"start":{"line":1024,"column":19},"end":{"line":1024,"column":39}}}},"statementMap":{"1":{"start":{"line":11,"column":0},"end":{"line":11,"column":27}},"2":{"start":{"line":12,"column":0},"end":{"line":12,"column":23}},"3":{"start":{"line":13,"column":0},"end":{"line":13,"column":31}},"4":{"start":{"line":14,"column":0},"end":{"line":14,"column":29}},"5":{"start":{"line":15,"column":0},"end":{"line":15,"column":33}},"6":{"start":{"line":16,"column":0},"end":{"line":16,"column":26}},"7":{"start":{"line":17,"column":0},"end":{"line":17,"column":29}},"8":{"start":{"line":18,"column":0},"end":{"line":18,"column":35}},"9":{"start":{"line":20,"column":0},"end":{"line":1033,"column":2}},"10":{"start":{"line":22,"column":1},"end":{"line":1022,"column":4}},"11":{"start":{"line":24,"column":2},"end":{"line":24,"column":26}},"12":{"start":{"line":26,"column":2},"end":{"line":44,"column":5}},"13":{"start":{"line":47,"column":2},"end":{"line":50,"column":3}},"14":{"start":{"line":48,"column":3},"end":{"line":48,"column":101}},"15":{"start":{"line":49,"column":3},"end":{"line":49,"column":51}},"16":{"start":{"line":52,"column":2},"end":{"line":57,"column":4}},"17":{"start":{"line":60,"column":2},"end":{"line":62,"column":3}},"18":{"start":{"line":61,"column":3},"end":{"line":61,"column":32}},"19":{"start":{"line":64,"column":2},"end":{"line":67,"column":3}},"20":{"start":{"line":65,"column":4},"end":{"line":65,"column":86}},"21":{"start":{"line":66,"column":4},"end":{"line":66,"column":41}},"22":{"start":{"line":69,"column":2},"end":{"line":72,"column":3}},"23":{"start":{"line":70,"column":3},"end":{"line":70,"column":77}},"24":{"start":{"line":71,"column":3},"end":{"line":71,"column":29}},"25":{"start":{"line":75,"column":2},"end":{"line":78,"column":61}},"26":{"start":{"line":81,"column":2},"end":{"line":86,"column":4}},"27":{"start":{"line":83,"column":3},"end":{"line":85,"column":6}},"28":{"start":{"line":84,"column":4},"end":{"line":84,"column":39}},"29":{"start":{"line":88,"column":2},"end":{"line":92,"column":4}},"30":{"start":{"line":90,"column":3},"end":{"line":90,"column":21}},"31":{"start":{"line":91,"column":3},"end":{"line":91,"column":57}},"32":{"start":{"line":95,"column":2},"end":{"line":111,"column":4}},"33":{"start":{"line":97,"column":3},"end":{"line":97,"column":12}},"34":{"start":{"line":99,"column":3},"end":{"line":108,"column":4}},"35":{"start":{"line":101,"column":4},"end":{"line":101,"column":33}},"36":{"start":{"line":103,"column":8},"end":{"line":108,"column":4}},"37":{"start":{"line":104,"column":4},"end":{"line":104,"column":34}},"38":{"start":{"line":107,"column":4},"end":{"line":107,"column":15}},"39":{"start":{"line":110,"column":3},"end":{"line":110,"column":15}},"40":{"start":{"line":113,"column":2},"end":{"line":136,"column":4}},"41":{"start":{"line":115,"column":3},"end":{"line":135,"column":4}},"42":{"start":{"line":116,"column":4},"end":{"line":116,"column":56}},"43":{"start":{"line":117,"column":4},"end":{"line":117,"column":40}},"44":{"start":{"line":119,"column":4},"end":{"line":122,"column":7}},"45":{"start":{"line":121,"column":5},"end":{"line":121,"column":52}},"46":{"start":{"line":124,"column":4},"end":{"line":126,"column":7}},"47":{"start":{"line":125,"column":5},"end":{"line":125,"column":19}},"48":{"start":{"line":128,"column":4},"end":{"line":130,"column":7}},"49":{"start":{"line":129,"column":5},"end":{"line":129,"column":23}},"50":{"start":{"line":133,"column":4},"end":{"line":133,"column":78}},"51":{"start":{"line":134,"column":4},"end":{"line":134,"column":92}},"52":{"start":{"line":139,"column":2},"end":{"line":158,"column":4}},"53":{"start":{"line":141,"column":3},"end":{"line":157,"column":6}},"54":{"start":{"line":143,"column":4},"end":{"line":156,"column":5}},"55":{"start":{"line":144,"column":5},"end":{"line":144,"column":19}},"56":{"start":{"line":147,"column":5},"end":{"line":147,"column":54}},"57":{"start":{"line":148,"column":5},"end":{"line":148,"column":63}},"58":{"start":{"line":150,"column":5},"end":{"line":155,"column":6}},"59":{"start":{"line":151,"column":6},"end":{"line":151,"column":47}},"60":{"start":{"line":154,"column":6},"end":{"line":154,"column":47}},"61":{"start":{"line":160,"column":2},"end":{"line":182,"column":4}},"62":{"start":{"line":162,"column":3},"end":{"line":181,"column":6}},"63":{"start":{"line":164,"column":4},"end":{"line":180,"column":5}},"64":{"start":{"line":165,"column":5},"end":{"line":165,"column":19}},"65":{"start":{"line":168,"column":5},"end":{"line":179,"column":6}},"66":{"start":{"line":169,"column":6},"end":{"line":169,"column":28}},"67":{"start":{"line":172,"column":6},"end":{"line":178,"column":7}},"68":{"start":{"line":173,"column":7},"end":{"line":173,"column":62}},"69":{"start":{"line":174,"column":7},"end":{"line":174,"column":40}},"70":{"start":{"line":177,"column":7},"end":{"line":177,"column":28}},"71":{"start":{"line":184,"column":2},"end":{"line":186,"column":3}},"72":{"start":{"line":185,"column":3},"end":{"line":185,"column":43}},"73":{"start":{"line":188,"column":2},"end":{"line":193,"column":4}},"74":{"start":{"line":195,"column":2},"end":{"line":200,"column":3}},"75":{"start":{"line":196,"column":3},"end":{"line":196,"column":83}},"76":{"start":{"line":199,"column":3},"end":{"line":199,"column":38}},"77":{"start":{"line":202,"column":2},"end":{"line":204,"column":3}},"78":{"start":{"line":203,"column":3},"end":{"line":203,"column":42}},"79":{"start":{"line":206,"column":2},"end":{"line":210,"column":3}},"80":{"start":{"line":207,"column":3},"end":{"line":209,"column":4}},"81":{"start":{"line":208,"column":4},"end":{"line":208,"column":64}},"82":{"start":{"line":213,"column":2},"end":{"line":213,"column":125}},"83":{"start":{"line":215,"column":2},"end":{"line":215,"column":34}},"84":{"start":{"line":217,"column":2},"end":{"line":217,"column":11}},"85":{"start":{"line":218,"column":2},"end":{"line":218,"column":18}},"86":{"start":{"line":219,"column":2},"end":{"line":219,"column":19}},"87":{"start":{"line":220,"column":2},"end":{"line":220,"column":19}},"88":{"start":{"line":224,"column":2},"end":{"line":230,"column":4}},"89":{"start":{"line":226,"column":3},"end":{"line":229,"column":4}},"90":{"start":{"line":227,"column":4},"end":{"line":227,"column":55}},"91":{"start":{"line":228,"column":4},"end":{"line":228,"column":17}},"92":{"start":{"line":232,"column":2},"end":{"line":330,"column":5}},"93":{"start":{"line":234,"column":3},"end":{"line":234,"column":47}},"94":{"start":{"line":236,"column":3},"end":{"line":329,"column":4}},"95":{"start":{"line":238,"column":4},"end":{"line":238,"column":42}},"96":{"start":{"line":240,"column":4},"end":{"line":245,"column":5}},"97":{"start":{"line":241,"column":5},"end":{"line":241,"column":81}},"98":{"start":{"line":243,"column":9},"end":{"line":245,"column":5}},"99":{"start":{"line":244,"column":5},"end":{"line":244,"column":54}},"100":{"start":{"line":247,"column":4},"end":{"line":247,"column":18}},"101":{"start":{"line":249,"column":4},"end":{"line":249,"column":65}},"102":{"start":{"line":251,"column":4},"end":{"line":251,"column":27}},"103":{"start":{"line":253,"column":8},"end":{"line":329,"column":4}},"104":{"start":{"line":255,"column":4},"end":{"line":263,"column":5}},"105":{"start":{"line":256,"column":5},"end":{"line":256,"column":62}},"106":{"start":{"line":258,"column":9},"end":{"line":263,"column":5}},"107":{"start":{"line":259,"column":5},"end":{"line":259,"column":54}},"108":{"start":{"line":261,"column":9},"end":{"line":263,"column":5}},"109":{"start":{"line":262,"column":5},"end":{"line":262,"column":66}},"110":{"start":{"line":265,"column":4},"end":{"line":265,"column":18}},"111":{"start":{"line":267,"column":4},"end":{"line":267,"column":65}},"112":{"start":{"line":269,"column":4},"end":{"line":269,"column":56}},"113":{"start":{"line":271,"column":8},"end":{"line":329,"column":4}},"114":{"start":{"line":273,"column":4},"end":{"line":281,"column":5}},"115":{"start":{"line":274,"column":5},"end":{"line":274,"column":59}},"116":{"start":{"line":276,"column":9},"end":{"line":281,"column":5}},"117":{"start":{"line":277,"column":5},"end":{"line":277,"column":51}},"118":{"start":{"line":279,"column":9},"end":{"line":281,"column":5}},"119":{"start":{"line":280,"column":5},"end":{"line":280,"column":63}},"120":{"start":{"line":283,"column":4},"end":{"line":283,"column":18}},"121":{"start":{"line":285,"column":4},"end":{"line":285,"column":65}},"122":{"start":{"line":287,"column":4},"end":{"line":287,"column":56}},"123":{"start":{"line":291,"column":4},"end":{"line":328,"column":5}},"124":{"start":{"line":292,"column":5},"end":{"line":292,"column":71}},"125":{"start":{"line":294,"column":9},"end":{"line":328,"column":5}},"126":{"start":{"line":295,"column":5},"end":{"line":295,"column":65}},"127":{"start":{"line":298,"column":5},"end":{"line":298,"column":73}},"128":{"start":{"line":299,"column":5},"end":{"line":299,"column":43}},"129":{"start":{"line":301,"column":5},"end":{"line":327,"column":8}},"130":{"start":{"line":304,"column":6},"end":{"line":326,"column":7}},"131":{"start":{"line":306,"column":7},"end":{"line":311,"column":8}},"132":{"start":{"line":307,"column":8},"end":{"line":307,"column":90}},"133":{"start":{"line":310,"column":8},"end":{"line":310,"column":29}},"134":{"start":{"line":313,"column":7},"end":{"line":315,"column":8}},"135":{"start":{"line":314,"column":8},"end":{"line":314,"column":29}},"136":{"start":{"line":318,"column":7},"end":{"line":325,"column":8}},"137":{"start":{"line":320,"column":8},"end":{"line":324,"column":22}},"138":{"start":{"line":332,"column":2},"end":{"line":332,"column":16}},"139":{"start":{"line":337,"column":2},"end":{"line":366,"column":4}},"140":{"start":{"line":339,"column":3},"end":{"line":342,"column":5}},"141":{"start":{"line":344,"column":3},"end":{"line":346,"column":4}},"142":{"start":{"line":345,"column":4},"end":{"line":345,"column":27}},"143":{"start":{"line":348,"column":3},"end":{"line":365,"column":6}},"144":{"start":{"line":350,"column":4},"end":{"line":364,"column":5}},"145":{"start":{"line":352,"column":5},"end":{"line":352,"column":79}},"146":{"start":{"line":354,"column":5},"end":{"line":360,"column":6}},"147":{"start":{"line":355,"column":6},"end":{"line":355,"column":49}},"148":{"start":{"line":356,"column":6},"end":{"line":356,"column":57}},"149":{"start":{"line":359,"column":6},"end":{"line":359,"column":64}},"150":{"start":{"line":359,"column":46},"end":{"line":359,"column":59}},"151":{"start":{"line":363,"column":5},"end":{"line":363,"column":84}},"152":{"start":{"line":368,"column":2},"end":{"line":463,"column":4}},"153":{"start":{"line":370,"column":3},"end":{"line":370,"column":80}},"154":{"start":{"line":373,"column":3},"end":{"line":462,"column":6}},"155":{"start":{"line":376,"column":4},"end":{"line":376,"column":94}},"156":{"start":{"line":378,"column":4},"end":{"line":391,"column":7}},"157":{"start":{"line":380,"column":5},"end":{"line":380,"co
[...]
.bucket }).createReadStream();","","\t\t\t\tstream.on('finish', function () {","\t\t\t\t\tcallback(null, true);","\t\t\t\t});","","\t\t\t\ts3_object.on('error', function (err) {","\t\t\t\t\tcallback(err);","\t\t\t\t});","","\t\t\t\tstream.on('error', function (err) {","\t\t\t\t\tcallback(err);","\t\t\t\t});","","\t\t\t\ts3_object.pipe(stream);","\t\t\t}","\t\t\telse {","\t\t\t\ts3.getObject({ Key: object.Key, Bucket: options.bucket }, function (err, data) {","\t\t\t\t\tif (err) {","\t\t\t\t\t\tcallback(err);","\t\t\t\t\t}","\t\t\t\t\telse {","\t\t\t\t\t\tgrunt.file.write(object.dest, data.Body);","\t\t\t\t\t\tcallback(null, true);","\t\t\t\t\t}","\t\t\t\t});","\t\t\t}","\t\t};","","\t\tvar downloadObjects = function (task, callback) {","","\t\t\tgrunt.log.writeln('Downloading the content of ' + getObjectURL(task.dest).cyan + ' to ' + task.cwd.cyan);","","\t\t\t// List all the objects using dest as the prefix","\t\t\tlistObjects(task.dest, function (to_download) {","","\t\t\t\t// List local content if it's a differential task","\t\t\t\tvar local_files = (task.differential) ? grunt.file.expand({ cwd: task.cwd }, [\"**\"]) : [];","","\t\t\t\tif (to_download.length === 0) {","\t\t\t\t\tcallback(null, null);","\t\t\t\t}","\t\t\t\telse {","","\t\t\t\t\tvar download_queue = async.queue(function (object, downloadCallback) {","","\t\t\t\t\t\tvar key = getRelativeKeyPath(object.Key, task.dest); // Remove the dest in the key to not duplicate the path with cwd","\t\t\t\t\t\tobject.dest = task.cwd + key;","\t\t\t\t\t\tobject.stream = task.stream;","\t\t\t\t\t\tobject.need_download = _.last(object.dest) !== '/'; // no need to write directories","\t\t\t\t\t\tobject.excluded = task.exclude && grunt.file.isMatch(task.exclude, object.Key);","","\t\t\t\t\t\tif (task.exclude && task.flipExclude) {","\t\t\t\t\t\t\tobject.excluded = !object.excluded;","\t\t\t\t\t\t}","","\t\t\t\t\t\tif (task.differential && object.need_download && !object.excluded) {","\t\t\t\t\t\t\tvar local_index = local_files.indexOf(key);","","\t\t\t\t\t\t\t// If file exists locally we need to check if it's different","\t\t\t\t\t\t\tif (local_index !== -1) {","\t\t\t\t\t\t\t\t","\t\t\t\t\t\t\t\t// Check md5 and if file is older than server file","\t\t\t\t\t\t\t\tvar check_options = { ","\t\t\t\t\t\t\t\t\tfile_path: object.dest, ","\t\t\t\t\t\t\t\t\tserver_hash: object.ETag, ","\t\t\t\t\t\t\t\t\tserver_date: object.LastModified, ","\t\t\t\t\t\t\t\t\tdate_compare: 'older' ","\t\t\t\t\t\t\t\t};","","\t\t\t\t\t\t\t\tisFileDifferent(check_options, function (err, different) {","\t\t\t\t\t\t\t\t\tif (err) {","\t\t\t\t\t\t\t\t\t\tdownloadCallback(err);","\t\t\t\t\t\t\t\t\t}","\t\t\t\t\t\t\t\t\telse {","\t\t\t\t\t\t\t\t\t\tobject.need_download = different;","\t\t\t\t\t\t\t\t\t\tsetImmediate(doDownload, object, downloadCallback);","\t\t\t\t\t\t\t\t\t}","\t\t\t\t\t\t\t\t});","\t\t\t\t\t\t\t}","\t\t\t\t\t\t\telse {","\t\t\t\t\t\t\t\tsetImmediate(doDownload, object, downloadCallback);","\t\t\t\t\t\t\t}","\t\t\t\t\t\t}","\t\t\t\t\t\telse {","\t\t\t\t\t\t\tsetImmediate(doDownload, object, downloadCallback);","\t\t\t\t\t\t}","","\t\t\t\t\t}, options.downloadConcurrency);","","\t\t\t\t\tdownload_queue.drain = function () {","","\t\t\t\t\t\tcallback(null, to_download);","\t\t\t\t\t};","","\t\t\t\t\tif(options.progress === 'progressBar'){","\t\t\t\t\t\tvar progress = new Progress('[:bar] :current/:total :etas', {total : to_download.length});","\t\t\t\t\t}","","\t\t\t\t\tdownload_queue.push(to_download, function (err, downloaded) {","","\t\t\t\t\t\tif (err) {","\t\t\t\t\t\t\tgrunt.fatal('Failed to download ' + getObjectURL(this.data.Key) + '\\n' + err);","\t\t\t\t\t\t}","\t\t\t\t\t\telse {","\t\t\t\t\t\t\tswitch(options.progress){","\t\t\t\t\t\t\t\tcase 'progressBar':","\t\t\t\t\t\t\t\t\tprogress.tick();","\t\t\t\t\t\t\t\t\tbreak;","\t\t\t\t\t\t\t\tcase 'none':","\t\t\t\t\t\t\t\t\tbreak;","\t\t\t\t\t\t\t\tcase 'dots':","\t\t\t\t\t\t\t\tdefault:","\t\t\t\t\t\t\t\t\tvar dot = (downloaded) ? '.'.green : '.'.yellow;","\t\t\t\t\t\t\t\t\tgrunt.log.write(dot);","\t\t\t\t\t\t\t\t\tbreak;","\t\t\t\t\t\t\t}","\t\t\t\t\t\t}","\t\t\t\t\t});","\t\t\t\t}","\t\t\t});","\t\t};","","\t\tvar doGzipRename = function (object, options) {","\t\t\tvar lastDot = object.src.lastIndexOf('.')","","\t\t\tif (object.src.substr(lastDot) === '.gz') {","","\t\t\t\tvar originalPath = object.src.substr(0, lastDot)","","\t\t\t\tobject.params = _.defaults({","\t\t\t\t\tContentType: mime.contentType(mime.lookup(originalPath) || \"application/octet-stream\"),","\t\t\t\t\tContentEncoding: 'gzip'","\t\t\t\t}, object.params || {})","","\t\t\t\tif (options.gzipRename && object.src.match(/\\.[^.]+\\.gz$/)) {","","\t\t\t\t\tif (options.gzipRename === 'ext') {","\t\t\t\t\t\tobject.dest = object.dest.replace(/\\.gz$/, '')","\t\t\t\t\t}","\t\t\t\t\telse if (options.gzipRename === 'gz') {","\t\t\t\t\t\tobject.dest = object.dest.replace(/\\.[^.]+\\.gz$/, '.gz')","\t\t\t\t\t}","\t\t\t\t\telse if (options.gzipRename === 'swap') {","\t\t\t\t\t\tobject.dest = object.dest.replace(/(\\.[^.]+)\\.gz$/, '.gz$1')","\t\t\t\t\t}","\t\t\t\t}","\t\t\t}","\t\t};","","\t\tvar doUpload = function (object, callback) {","","\t\t\tif (object.need_upload && !options.debug) {","","\t\t\t\tvar type = options.mime[object.src] || object.params.ContentType || mime.contentType(mime.lookup(object.src) || \"application/octet-stream\");","\t\t\t\tvar upload = _.defaults({","\t\t\t\t\tContentType: type,","\t\t\t\t\tKey: object.dest,","\t\t\t\t\tBucket: options.bucket,","\t\t\t\t\tACL: options.access","\t\t\t\t}, object.params);","","\t\t\t\tif (object.stream) {","\t\t\t\t\tupload.Body = fs.createReadStream(object.src);","\t\t\t\t}","\t\t\t\telse {","\t\t\t\t\tupload.Body = grunt.file.read(object.src, { encoding: null });","\t\t\t\t}","","\t\t\t\ts3.putObject(upload, function (err, data) {","\t\t\t\t\tcallback(err, true);","\t\t\t\t});","\t\t\t}","\t\t\telse {","\t\t\t\tcallback(null, false);","\t\t\t}","\t\t};","","\t\tvar uploadObjects = function (task, callback) {","","\t\t\tgrunt.log.writeln('Uploading to ' + getObjectURL(task.dest).cyan);","","\t\t\tvar startUploads = function (server_files) {","","\t\t\t\tvar upload_queue = async.queue(function (object, uploadCallback) {","","\t\t\t\t\tdoGzipRename(object, options);","","\t\t\t\t\tvar server_file = _.where(server_files, { Key: object.dest })[0];","","\t\t\t\t\tif (server_file && !options.overwrite) {","\t\t\t\t\t\tuploadCallback(object.dest + \" already exists!\")","\t\t\t\t\t}","\t\t\t\t\telse if (server_file && object.differential) {","","\t\t\t\t\t\tisFileDifferent({ file_path: object.src, server_hash: server_file.ETag }, function (err, different) {","\t\t\t\t\t\t\tobject.need_upload = different;","\t\t\t\t\t\t\tsetImmediate(doUpload, object, uploadCallback);","\t\t\t\t\t\t});","\t\t\t\t\t}","\t\t\t\t\telse {","\t\t\t\t\t\tsetImmediate(doUpload, object, uploadCallback);","\t\t\t\t\t}","","\t\t\t\t}, options.uploadConcurrency);","","\t\t\t\tupload_queue.drain = function () {","","\t\t\t\t\tcallback(null, task.files);","\t\t\t\t};","","\t\t\t\tif (options.progress === 'progressBar') {","\t\t\t\t\tvar progress = new Progress('[:bar] :current/:total :etas', { total : task.files.length });","\t\t\t\t}","","\t\t\t\tupload_queue.push(task.files, function (err, uploaded) {","","\t\t\t\t\tif (err) {","\t\t\t\t\t\tgrunt.fatal('Failed to upload ' + this.data.src + ' with bucket ' + options.bucket + '\\n' + err);","\t\t\t\t\t}","\t\t\t\t\telse {","\t\t\t\t\t\tswitch(options.progress){","\t\t\t\t\t\t\tcase 'progressBar':","\t\t\t\t\t\t\t\tprogress.tick();","\t\t\t\t\t\t\t\tbreak;","\t\t\t\t\t\t\tcase 'none':","\t\t\t\t\t\t\t\tbreak;","\t\t\t\t\t\t\tcase 'dots':","\t\t\t\t\t\t\tdefault:","\t\t\t\t\t\t\t\tvar dot = (uploaded) ? '.'.green : '.'.yellow;","\t\t\t\t\t\t\t\tgrunt.log.write(dot);","\t\t\t\t\t\t\t\tbreak;","\t\t\t\t\t\t}","\t\t\t\t\t}","\t\t\t\t});","\t\t\t};","","\t\t\tvar unique_dests = _(task.files)","\t\t\t\t.filter('differential')","\t\t\t\t.pluck('dest')","\t\t\t\t.compact()","\t\t\t\t.map(path.dirname)","\t\t\t\t.sort()","\t\t\t\t.uniq(true)","\t\t\t\t.reduce(function (res, dest) {","","\t\t\t\t\tvar last_path = res[res.length - 1];","","\t\t\t\t\tif (!last_path || dest.indexOf(last_path) !== 0) {","\t\t\t\t\t\tres.push(dest);","\t\t\t\t\t}","","\t\t\t\t\treturn res;","\t\t\t\t}, []);","","\t\t\t// If there's a '.', we need to scan the whole bucket","\t\t\tif (unique_dests.indexOf('.') > -1 || !options.overwrite) {","\t\t\t\tunique_dests = [''];","\t\t\t}","","\t\t\tif (unique_dests.length) {","\t\t\t\tasync.mapLimit(unique_dests, options.uploadConcurrency, function (dest, callback) {","\t\t\t\t\tlistObjects(dest, function (objects) {","\t\t\t\t\t\tcallback(null, objects);","\t\t\t\t\t});","\t\t\t\t}, function (err, objects) {","\t\t\t\t\tif (err) {","\t\t\t\t\t\tcallback(err);","\t\t\t\t\t} ","\t\t\t\t\telse {","\t\t\t\t\t\tvar server_files = Array.prototype.concat.apply([], objects);","\t\t\t\t\t\tstartUploads(server_files);","\t\t\t\t\t}","\t\t\t\t});","\t\t\t} else {","\t\t\t\tstartUploads([]);","\t\t\t}","\t\t};","","\t\tvar queue = async.queue(function (task, callback) {","","\t\t\tif (task.action === 'delete') {","\t\t\t\tdeleteObjects(task, callback);","\t\t\t}","\t\t\telse if (task.action === 'download') {","\t\t\t\tdownloadObjects(task, callback);","\t\t\t}","\t\t\telse if (task.action === 'copy') {","\t\t\t\tcopyObjects(task, callback);","\t\t\t}","\t\t\telse {","\t\t\t\tuploadObjects(task, callback);","\t\t\t}","\t\t}, 1);","","\t\tqueue.drain = function () {","","\t\t\t_.each(objects, function (o) {","","\t\t\t\tif (o.action === \"delete\") {","\t\t\t\t\tgrunt.log.writeln(o.deleted.toString().green + '/' + o.nb_objects.toString().green + ' objects deleted from ' + (options.bucket + '/' + o.dest).green);","\t\t\t\t}","\t\t\t\telse if (o.action === \"download\") {","\t\t\t\t\tgrunt.log.writeln(o.downloaded.toString().green + '/' + o.nb_objects.toString().green + ' objects downloaded from ' + (options.bucket + '/' + o.dest).green + ' to ' + o.cwd.green);","\t\t\t\t}","\t\t\t\telse if (o.action === \"copy\") {","\t\t\t\t\tgrunt.log.writeln(o.copied.toString().green + '/' + o.nb_objects.toString().green + ' objects copied from ' + (options.bucket + '/' + o.orig.src[0]).green + ' to ' + (options.bucket + '/' + o.dest).green);","\t\t\t\t}","\t\t\t\telse {","\t\t\t\t\tgrunt.log.writeln(o.uploaded.toString().green + '/' + o.nb_objects.toString().green + ' objects uploaded to bucket ' + (options.bucket + '/').green);","\t\t\t\t}","\t\t\t});","","\t\t\tif (options.debug) {","\t\t\t\tgrunt.log.writeln(\"\\nThe debug option was enabled, no changes have actually been made\".yellow);","\t\t\t}","","\t\t\tvar uploadedFiles = []","","\t\t\t_.each(objects, function (o) {","\t\t\t\tif (!o.action || o.action === 'upload') {\t","\t\t\t\t\t_.each(o.files, function (file) {","\t\t\t\t\t\tif (file.need_upload) {","\t\t\t\t\t\t\tuploadedFiles.push(file.dest)","\t\t\t\t\t\t}","\t\t\t\t\t});","\t\t\t\t}","\t\t\t})","","\t\t\tgrunt.config.set(options.changedFiles, uploadedFiles)","","\t\t\tdone()","\t\t};","","\t\tif (objects.length === 0) {","\t\t\tqueue.drain()","\t\t}","\t\telse {","\t\t\tqueue.push(objects, function (err, res) {","\t\t\t\tvar object_url = getObjectURL(this.data.dest);","","\t\t\t\tif (this.data.action === 'delete') {","\t\t\t\t\tif (err) {","\t\t\t\t\t\tif (res && res.length > 0) {","\t\t\t\t\t\t\tgrunt.log.writeln('Errors (' + res.length.toString().red + ' objects): ' + _.pluck(res, 'Key').join(', ').red);","\t\t\t\t\t\t}","","\t\t\t\t\t\tgrunt.fatal('Deletion failed\\n' + err.toString());","\t\t\t\t\t}","\t\t\t\t\telse {","\t\t\t\t\t\tif (res && res.length > 0) {","\t\t\t\t\t\t\tgrunt.log.writeln('\\nList: (' + res.length.toString().cyan + ' objects):');","","\t\t\t\t\t\t\tvar deleted = 0;","","\t\t\t\t\t\t\t_.each(res, function (file) {","","\t\t\t\t\t\t\t\tif (file.need_delete && !file.excluded) {","\t\t\t\t\t\t\t\t\tdeleted++;","\t\t\t\t\t\t\t\t\tgrunt.log.writeln('- ' + file.Key.cyan);","\t\t\t\t\t\t\t\t}","\t\t\t\t\t\t\t\telse {","\t\t\t\t\t\t\t\t\tvar sign = (file.excluded) ? '! ' : '- ';","\t\t\t\t\t\t\t\t\tgrunt.log.writeln(sign + file.Key.yellow);","\t\t\t\t\t\t\t\t}","\t\t\t\t\t\t\t});","","\t\t\t\t\t\t\tthis.data.nb_objects = res.length;","\t\t\t\t\t\t\tthis.data.deleted = deleted;","\t\t\t\t\t\t}","\t\t\t\t\t\telse {","\t\t\t\t\t\t\tgrunt.log.writeln('Nothing to delete');","\t\t\t\t\t\t\tthis.data.nb_objects = 0;","\t\t\t\t\t\t\tthis.data.deleted = 0;","\t\t\t\t\t\t}","\t\t\t\t\t}","\t\t\t\t}","\t\t\t\telse if (this.data.action === 'download') {","\t\t\t\t\tif (err) {","\t\t\t\t\t\tgrunt.fatal('Download failed\\n' + err.toString());","\t\t\t\t\t}","\t\t\t\t\telse {","\t\t\t\t\t\tif (res && res.length > 0) {\t\t\t\t\t\t\t\t\t\t\t\t","\t\t\t\t\t\t\tgrunt.log.writeln('\\nList: (' + res.length.toString().cyan + ' objects):');","","\t\t\t\t\t\t\tvar task = this.data;","\t\t\t\t\t\t\tvar downloaded = 0;","","\t\t\t\t\t\t\t_.each(res, function (file) {","","\t\t\t\t\t\t\t\tif (file.need_download && !file.excluded) {","\t\t\t\t\t\t\t\t\tdownloaded++;","\t\t\t\t\t\t\t\t\tgrunt.log.writeln('- ' + getObjectURL(file.Key).cyan + ' -> ' + (task.cwd + getRelativeKeyPath(file.Key, task.dest)).cyan);","\t\t\t\t\t\t\t\t}","\t\t\t\t\t\t\t\telse {","\t\t\t\t\t\t\t\t\tvar sign = (file.excluded) ? ' =/= ' : ' === ';","\t\t\t\t\t\t\t\t\tgrunt.log.writeln('- ' + getObjectURL(file.Key).yellow + sign + (task.cwd + getRelativeKeyPath(file.Key, task.dest)).yellow);","\t\t\t\t\t\t\t\t}","\t\t\t\t\t\t\t});","","\t\t\t\t\t\t\tthis.data.nb_objects = res.length;","\t\t\t\t\t\t\tthis.data.downloaded = downloaded || 0;","\t\t\t\t\t\t}","\t\t\t\t\t\telse {","\t\t\t\t\t\t\tgrunt.log.writeln('Nothing to download');","\t\t\t\t\t\t\tthis.data.nb_objects = 0;","\t\t\t\t\t\t\tthis.data.downloaded = 0;","\t\t\t\t\t\t}","\t\t\t\t\t}","\t\t\t\t}","\t\t\t\telse if (this.data.action === 'copy') {","\t\t\t\t\tif (err) {","\t\t\t\t\t\tgrunt.fatal('Copy failed\\n' + err.toString());","\t\t\t\t\t}","\t\t\t\t\telse {","\t\t\t\t\t\tif (res && res.length > 0) {\t\t\t\t\t\t\t\t\t\t\t\t","\t\t\t\t\t\t\tgrunt.log.writeln('\\nList: (' + res.length.toString().cyan + ' objects):');","","\t\t\t\t\t\t\tvar task = this.data;","\t\t\t\t\t\t\tvar copied = 0;","","\t\t\t\t\t\t\t_.each(res, function (file) {","","\t\t\t\t\t\t\t\tif (file.need_copy && !file.excluded) {","\t\t\t\t\t\t\t\t\tcopied++;","\t\t\t\t\t\t\t\t\tgrunt.log.writeln('- ' + (options.bucket + '/' + file.Key).cyan + ' -> ' + (options.bucket + '/' + task.dest + getRelativeKeyPath(file.Key, task.dest)).cyan);","\t\t\t\t\t\t\t\t}","\t\t\t\t\t\t\t\telse {","\t\t\t\t\t\t\t\t\tvar sign = (file.excluded) ? ' =/= ' : ' === ';","\t\t\t\t\t\t\t\t\tgrunt.log.writeln('- ' + (options.bucket + '/' + file.Key).yellow + sign + (options.bucket + '/' + task.dest + getRelativeKeyPath(file.Key, task.dest)).yellow);","\t\t\t\t\t\t\t\t}","\t\t\t\t\t\t\t});","","\t\t\t\t\t\t\tthis.data.nb_objects = res.length;","\t\t\t\t\t\t\tthis.data.copied = copied || 0;","\t\t\t\t\t\t}","\t\t\t\t\t\telse {","\t\t\t\t\t\t\tgrunt.log.writeln('Nothing to copy');","\t\t\t\t\t\t\tthis.data.nb_objects = 0;","\t\t\t\t\t\t\tthis.data.copied = 0;","\t\t\t\t\t\t}","\t\t\t\t\t}","\t\t\t\t}","\t\t\t\telse {","\t\t\t\t\tif (err) {","\t\t\t\t\t\tgrunt.fatal('Upload failed\\n' + err.toString());","\t\t\t\t\t}","\t\t\t\t\telse {","\t\t\t\t\t\tgrunt.log.writeln('\\nList: (' + res.length.toString().cyan + ' objects):');","","\t\t\t\t\t\tvar uploaded = 0;","","\t\t\t\t\t\t_.each(res, function (file) {","","\t\t\t\t\t\t\tif (file.need_upload) {","\t\t\t\t\t\t\t\tuploaded++;","\t\t\t\t\t\t\t\tgrunt.log.writeln('- ' + file.src.cyan + ' -> ' + (object_url + file.dest).cyan);","\t\t\t\t\t\t\t}","\t\t\t\t\t\t\telse if (!options.displayChangesOnly) {","\t\t\t\t\t\t\t\tgrunt.log.writeln('- ' + file.src.yellow + ' === ' + (object_url + file.dest).yellow);","\t\t\t\t\t\t\t}","\t\t\t\t\t\t});","","\t\t\t\t\t\tthis.data.nb_objects = res.length;","\t\t\t\t\t\tthis.data.uploaded = uploaded;","\t\t\t\t\t}","\t\t\t\t}","","\t\t\t\tgrunt.log.writeln();","\t\t\t});","\t\t}","\t});","","\tvar unixifyPath = function (filepath) {","","\t\tif (process.platform === 'win32') {","\t\t\treturn filepath.replace(/\\\\/g, '/');","\t\t} ","\t\telse {\t","\t\t\treturn filepath;","\t\t}","\t};","};",""],"l":{"11":1,"12":1,"13":1,"14":1,"15":1,"16":1,"17":1,"18":1,"20":1,"22":0,"24":0,"26":0,"47":0,"48":0,"49":0,"52":0,"60":0,"61":0,"64":0,"65":0,"66":0,"69":0,"70":0,"71":0,"75":0,"81":0,"83":0,"84":0,"88":0,"90":0,"91":0,"95":0,"97":0,"99":0,"101":0,"103":0,"104":0,"107":0,"110":0,"113":0,"115":0,"116":0,"117":0,"119":0,"121":0,"124":0,"125":0,"128":0,"129":0,"133":0,"134":0,"139":0,"141":0,"143":0,"144":0,"147":0,"148":0,"150":0,"151":0,"154":0,"160":0,"162":0,"164":0,"165":0,"168":0,"169":0,"172":0,"173":0,"174":0,"177":0,"184":0,"185":0,"188":0,"195":0,"196":0,"199":0,"202":0,"203":0,"206":0,"207":0,"208":0,"213":0,"215":0,"217":0,"218":0,"219":0,"220":0,"224":0,"226":0,"227":0,"228":0,"232":0,"234":0,"236":0,"238":0,"240":0,"241":0,"243":0,"244":0,"247":0,"249":0,"251":0,"253":0,"255":0,"256":0,"258":0,"259":0,"261":0,"262":0,"265":0,"267":0,"269":0,"271":0,"273":0,"274":0,"276":0,"277":0,"279":0,"280":0,"283":0,"285":0,"287":0,"291":0,"292":0,"294":0,"295":0,"298":0,"299":0,"301":0,"304":0,"306":0,"307":0,"310":0,"313":0,"314":0,"318":0,"320":0,"332":0,"337":0,"339":0,"344":0,"345":0,"348":0,"350":0,"352":0,"354":0,"355":0,"356":0,"359":0,"363":0,"368":0,"370":0,"373":0,"376":0,"378":0,"380":0,"381":0,"383":0,"384":0,"387":0,"389":0,"394":0,"396":0,"397":0,"399":0,"403":0,"404":0,"405":0,"406":0,"407":0,"409":0,"410":0,"413":0,"415":0,"416":0,"417":0,"418":0,"421":0,"422":0,"424":0,"425":0,"427":0,"430":0,"431":0,"435":0,"436":0,"437":0,"440":0,"445":0,"447":0,"448":0,"449":0,"452":0,"455":0,"456":0,"460":0,"465":0,"467":0,"468":0,"471":0,"472":0,"473":0,"476":0,"482":0,"484":0,"487":0,"489":0,"490":0,"494":0,"496":0,"497":0,"498":0,"499":0,"501":0,"502":0,"505":0,"509":0,"511":0,"514":0,"515":0,"518":0,"520":0,"521":0,"524":0,"526":0,"527":0,"529":0,"532":0,"533":0,"534":0,"542":0,"544":0,"545":0,"547":0,"548":0,"550":0,"551":0,"553":0,"554":0,"557":0,"558":0,"561":0,"562":0,"565":0,"568":0,"569":0,"570":0,"573":0,"574":0,"580":0,"582":0,"585":0,"588":0,"590":0,"591":0,"595":0,"597":0,"598":0,"599":0,"600":0,"601":0,"603":0,"604":0,"607":0,"608":0,"611":0,"614":0,"621":0,"622":0,"623":0,"626":0,"627":0,"632":0,"636":0,"641":0,"643":0,"646":0,"647":0,"650":0,"652":0,"653":0,"656":0,"658":0,"659":0,"661":0,"664":0,"665":0,"666":0,"674":0,"675":0,"677":0,"679":0,"681":0,"686":0,"688":0,"689":0,"691":0,"692":0,"694":0,"695":0,"701":0,"703":0,"705":0,"706":0,"713":0,"714":0,"717":0,"720":0,"721":0,"725":0,"729":0,"731":0,"733":0,"735":0,"737":0,"739":0,"741":0,"742":0,"744":0,"746":0,"747":0,"748":0,"752":0,"757":0,"759":0,"762":0,"763":0,"766":0,"768":0,"769":0,"772":0,"774":0,"775":0,"777":0,"780":0,"781":0,"782":0,"788":0,"797":0,"799":0,"800":0,"803":0,"807":0,"808":0,"811":0,"812":0,"813":0,"814":0,"817":0,"818":0,"821":0,"822":0,"826":0,"830":0,"832":0,"833":0,"835":0,"836":0,"838":0,"839":0,"842":0,"846":0,"848":0,"850":0,"851":0,"853":0,"854":0,"856":0,"857":0,"860":0,"864":0,"865":0,"868":0,"870":0,"871":0,"872":0,"873":0,"874":0,"880":0,"882":0,"885":0,"886":0,"889":0,"890":0,"892":0,"893":0,"894":0,"895":0,"898":0,"901":0,"902":0,"904":0,"906":0,"908":0,"909":0,"910":0,"913":0,"914":0,"918":0,"919":0,"922":0,"923":0,"924":0,"928":0,"929":0,"930":0,"933":0,"934":0,"936":0,"937":0,"939":0,"941":0,"942":0,"943":0,"946":0,"947":0,"951":0,"952":0,"955":0,"956":0,"957":0,"961":0,"962":0,"963":0,"966":0,"967":0,"969":0,"970":0,"972":0,"974":0,"975":0,"976":0,"979":0,"980":0,"984":0,"985":0,"988":0,"989":0,"990":0,"995":0,"996":0,"999":0,"1001":0,"1003":0,"1005":0,"1006":0,"1007":0,"1009":0,"1010":0,"1014":0,"1015":0,"1019":0,"1024":0,"1026":0,"1027":0,"1030":0}}}